

Started GET "/" for 127.0.0.1 at 2014-10-16 12:16:21 +0800
Processing by Rails::WelcomeController#index as HTML
  Rendered /Users/jasonlaw89/.rvm/gems/ruby-2.1.2/gems/railties-4.1.6/lib/rails/templates/rails/welcome/index.html.erb (2.8ms)
Completed 200 OK in 39ms (Views: 24.2ms | ActiveRecord: 0.0ms)


Started GET "/" for 127.0.0.1 at 2014-10-16 12:33:55 +0800
Processing by Rails::WelcomeController#index as HTML
  Rendered /Users/jasonlaw89/.rvm/gems/ruby-2.1.2/gems/railties-4.1.6/lib/rails/templates/rails/welcome/index.html.erb (0.1ms)
Completed 200 OK in 6ms (Views: 5.2ms | ActiveRecord: 0.0ms)


Started GET "/" for 127.0.0.1 at 2014-10-16 12:41:31 +0800

ActionController::RoutingError (uninitialized constant WelcomeController):
  activesupport (4.1.6) lib/active_support/inflector/methods.rb:238:in `const_get'
  activesupport (4.1.6) lib/active_support/inflector/methods.rb:238:in `block in constantize'
  activesupport (4.1.6) lib/active_support/inflector/methods.rb:236:in `each'
  activesupport (4.1.6) lib/active_support/inflector/methods.rb:236:in `inject'
  activesupport (4.1.6) lib/active_support/inflector/methods.rb:236:in `constantize'
  actionpack (4.1.6) lib/action_dispatch/routing/route_set.rb:78:in `controller_reference'
  actionpack (4.1.6) lib/action_dispatch/routing/route_set.rb:68:in `controller'
  actionpack (4.1.6) lib/action_dispatch/routing/route_set.rb:46:in `call'
  actionpack (4.1.6) lib/action_dispatch/journey/router.rb:73:in `block in call'
  actionpack (4.1.6) lib/action_dispatch/journey/router.rb:59:in `each'
  actionpack (4.1.6) lib/action_dispatch/journey/router.rb:59:in `call'
  actionpack (4.1.6) lib/action_dispatch/routing/route_set.rb:678:in `call'
  rack (1.5.2) lib/rack/etag.rb:23:in `call'
  rack (1.5.2) lib/rack/conditionalget.rb:25:in `call'
  rack (1.5.2) lib/rack/head.rb:11:in `call'
  actionpack (4.1.6) lib/action_dispatch/middleware/params_parser.rb:27:in `call'
  actionpack (4.1.6) lib/action_dispatch/middleware/flash.rb:254:in `call'
  rack (1.5.2) lib/rack/session/abstract/id.rb:225:in `context'
  rack (1.5.2) lib/rack/session/abstract/id.rb:220:in `call'
  actionpack (4.1.6) lib/action_dispatch/middleware/cookies.rb:560:in `call'
  activerecord (4.1.6) lib/active_record/query_cache.rb:36:in `call'
  activerecord (4.1.6) lib/active_record/connection_adapters/abstract/connection_pool.rb:621:in `call'
  activerecord (4.1.6) lib/active_record/migration.rb:380:in `call'
  actionpack (4.1.6) lib/action_dispatch/middleware/callbacks.rb:29:in `block in call'
  activesupport (4.1.6) lib/active_support/callbacks.rb:82:in `run_callbacks'
  actionpack (4.1.6) lib/action_dispatch/middleware/callbacks.rb:27:in `call'
  actionpack (4.1.6) lib/action_dispatch/middleware/reloader.rb:73:in `call'
  actionpack (4.1.6) lib/action_dispatch/middleware/remote_ip.rb:76:in `call'
  actionpack (4.1.6) lib/action_dispatch/middleware/debug_exceptions.rb:17:in `call'
  actionpack (4.1.6) lib/action_dispatch/middleware/show_exceptions.rb:30:in `call'
  railties (4.1.6) lib/rails/rack/logger.rb:38:in `call_app'
  railties (4.1.6) lib/rails/rack/logger.rb:20:in `block in call'
  activesupport (4.1.6) lib/active_support/tagged_logging.rb:68:in `block in tagged'
  activesupport (4.1.6) lib/active_support/tagged_logging.rb:26:in `tagged'
  activesupport (4.1.6) lib/active_support/tagged_logging.rb:68:in `tagged'
  railties (4.1.6) lib/rails/rack/logger.rb:20:in `call'
  actionpack (4.1.6) lib/action_dispatch/middleware/request_id.rb:21:in `call'
  rack (1.5.2) lib/rack/methodoverride.rb:21:in `call'
  rack (1.5.2) lib/rack/runtime.rb:17:in `call'
  activesupport (4.1.6) lib/active_support/cache/strategy/local_cache_middleware.rb:26:in `call'
  rack (1.5.2) lib/rack/lock.rb:17:in `call'
  actionpack (4.1.6) lib/action_dispatch/middleware/static.rb:64:in `call'
  rack (1.5.2) lib/rack/sendfile.rb:112:in `call'
  railties (4.1.6) lib/rails/engine.rb:514:in `call'
  railties (4.1.6) lib/rails/application.rb:144:in `call'
  rack (1.5.2) lib/rack/lock.rb:17:in `call'
  rack (1.5.2) lib/rack/content_length.rb:14:in `call'
  rack (1.5.2) lib/rack/handler/webrick.rb:60:in `service'
  /Users/jasonlaw89/.rvm/rubies/ruby-2.1.2/lib/ruby/2.1.0/webrick/httpserver.rb:138:in `service'
  /Users/jasonlaw89/.rvm/rubies/ruby-2.1.2/lib/ruby/2.1.0/webrick/httpserver.rb:94:in `run'
  /Users/jasonlaw89/.rvm/rubies/ruby-2.1.2/lib/ruby/2.1.0/webrick/server.rb:295:in `block in start_thread'


  Rendered /Users/jasonlaw89/.rvm/gems/ruby-2.1.2/gems/actionpack-4.1.6/lib/action_dispatch/middleware/templates/rescues/_trace.html.erb (1.1ms)
  Rendered /Users/jasonlaw89/.rvm/gems/ruby-2.1.2/gems/actionpack-4.1.6/lib/action_dispatch/middleware/templates/routes/_route.html.erb (0.8ms)
  Rendered /Users/jasonlaw89/.rvm/gems/ruby-2.1.2/gems/actionpack-4.1.6/lib/action_dispatch/middleware/templates/routes/_table.html.erb (18.5ms)
  Rendered /Users/jasonlaw89/.rvm/gems/ruby-2.1.2/gems/actionpack-4.1.6/lib/action_dispatch/middleware/templates/rescues/routing_error.html.erb within rescues/layout (63.2ms)


Started GET "/" for 127.0.0.1 at 2014-10-16 12:42:53 +0800

ActionController::RoutingError - uninitialized constant WelcomeController:
  actionpack (4.1.6) lib/action_dispatch/routing/route_set.rb:71:in `rescue in controller'
  actionpack (4.1.6) lib/action_dispatch/routing/route_set.rb:66:in `controller'
  actionpack (4.1.6) lib/action_dispatch/routing/route_set.rb:46:in `call'
  actionpack (4.1.6) lib/action_dispatch/journey/router.rb:73:in `block in call'
  actionpack (4.1.6) lib/action_dispatch/journey/router.rb:59:in `call'
  actionpack (4.1.6) lib/action_dispatch/routing/route_set.rb:678:in `call'
  meta_request (0.3.4) lib/meta_request/middlewares/app_request_handler.rb:13:in `call'
  meta_request (0.3.4) lib/meta_request/middlewares/meta_request_handler.rb:13:in `call'
  rack (1.5.2) lib/rack/etag.rb:23:in `call'
  rack (1.5.2) lib/rack/conditionalget.rb:25:in `call'
  rack (1.5.2) lib/rack/head.rb:11:in `call'
  actionpack (4.1.6) lib/action_dispatch/middleware/params_parser.rb:27:in `call'
  actionpack (4.1.6) lib/action_dispatch/middleware/flash.rb:254:in `call'
  rack (1.5.2) lib/rack/session/abstract/id.rb:225:in `context'
  rack (1.5.2) lib/rack/session/abstract/id.rb:220:in `call'
  actionpack (4.1.6) lib/action_dispatch/middleware/cookies.rb:560:in `call'
  activerecord (4.1.6) lib/active_record/query_cache.rb:36:in `call'
  activerecord (4.1.6) lib/active_record/connection_adapters/abstract/connection_pool.rb:621:in `call'
  activerecord (4.1.6) lib/active_record/migration.rb:380:in `call'
  actionpack (4.1.6) lib/action_dispatch/middleware/callbacks.rb:29:in `block in call'
  activesupport (4.1.6) lib/active_support/callbacks.rb:82:in `run_callbacks'
  actionpack (4.1.6) lib/action_dispatch/middleware/callbacks.rb:27:in `call'
  actionpack (4.1.6) lib/action_dispatch/middleware/reloader.rb:73:in `call'
  actionpack (4.1.6) lib/action_dispatch/middleware/remote_ip.rb:76:in `call'
  better_errors (2.0.0) lib/better_errors/middleware.rb:84:in `protected_app_call'
  better_errors (2.0.0) lib/better_errors/middleware.rb:79:in `better_errors_call'
  better_errors (2.0.0) lib/better_errors/middleware.rb:57:in `call'
  rack-contrib (1.1.0) lib/rack/contrib/response_headers.rb:17:in `call'
  meta_request (0.3.4) lib/meta_request/middlewares/headers.rb:16:in `call'
  actionpack (4.1.6) lib/action_dispatch/middleware/debug_exceptions.rb:17:in `call'
  actionpack (4.1.6) lib/action_dispatch/middleware/show_exceptions.rb:30:in `call'
  railties (4.1.6) lib/rails/rack/logger.rb:38:in `call_app'
  railties (4.1.6) lib/rails/rack/logger.rb:20:in `block in call'
  activesupport (4.1.6) lib/active_support/tagged_logging.rb:68:in `block in tagged'
  activesupport (4.1.6) lib/active_support/tagged_logging.rb:26:in `tagged'
  activesupport (4.1.6) lib/active_support/tagged_logging.rb:68:in `tagged'
  railties (4.1.6) lib/rails/rack/logger.rb:20:in `call'
  actionpack (4.1.6) lib/action_dispatch/middleware/request_id.rb:21:in `call'
  rack (1.5.2) lib/rack/methodoverride.rb:21:in `call'
  rack (1.5.2) lib/rack/runtime.rb:17:in `call'
  activesupport (4.1.6) lib/active_support/cache/strategy/local_cache_middleware.rb:26:in `call'
  rack (1.5.2) lib/rack/lock.rb:17:in `call'
  actionpack (4.1.6) lib/action_dispatch/middleware/static.rb:64:in `call'
  rack (1.5.2) lib/rack/sendfile.rb:112:in `call'
  railties (4.1.6) lib/rails/engine.rb:514:in `call'
  railties (4.1.6) lib/rails/application.rb:144:in `call'
  rack (1.5.2) lib/rack/lock.rb:17:in `call'
  rack (1.5.2) lib/rack/content_length.rb:14:in `call'
  rack (1.5.2) lib/rack/handler/webrick.rb:60:in `service'
  /Users/jasonlaw89/.rvm/rubies/ruby-2.1.2/lib/ruby/2.1.0/webrick/httpserver.rb:138:in `service'
  /Users/jasonlaw89/.rvm/rubies/ruby-2.1.2/lib/ruby/2.1.0/webrick/httpserver.rb:94:in `run'
  /Users/jasonlaw89/.rvm/rubies/ruby-2.1.2/lib/ruby/2.1.0/webrick/server.rb:295:in `block in start_thread'



Started POST "/__better_errors/73fa99f4c9b7e92a/variables" for 127.0.0.1 at 2014-10-16 12:42:53 +0800


Started GET "/" for 127.0.0.1 at 2014-10-16 12:51:30 +0800
Processing by WelcomeController#index as HTML
  Rendered welcome/index.html.erb within layouts/application (3.5ms)
Completed 200 OK in 2223ms (Views: 2201.6ms | ActiveRecord: 0.0ms)


Started GET "/assets/welcome.css?body=1" for 127.0.0.1 at 2014-10-16 12:51:33 +0800


Started GET "/assets/jquery_ujs.js?body=1" for 127.0.0.1 at 2014-10-16 12:51:33 +0800


Started GET "/assets/application.css?body=1" for 127.0.0.1 at 2014-10-16 12:51:33 +0800


Started GET "/assets/turbolinks.js?body=1" for 127.0.0.1 at 2014-10-16 12:51:33 +0800


Started GET "/assets/jquery.js?body=1" for 127.0.0.1 at 2014-10-16 12:51:33 +0800


Started GET "/assets/welcome.js?body=1" for 127.0.0.1 at 2014-10-16 12:51:33 +0800


Started GET "/assets/application.js?body=1" for 127.0.0.1 at 2014-10-16 12:51:33 +0800


Started GET "/" for 127.0.0.1 at 2014-10-16 12:59:01 +0800
Processing by WelcomeController#index as HTML
  Rendered welcome/index.html.erb within layouts/application (0.2ms)
Completed 200 OK in 75ms (Views: 74.0ms | ActiveRecord: 0.0ms)


Started GET "/assets/application.css?body=1" for 127.0.0.1 at 2014-10-16 12:59:01 +0800


Started GET "/assets/welcome.css?body=1" for 127.0.0.1 at 2014-10-16 12:59:01 +0800


Started GET "/assets/jquery_ujs.js?body=1" for 127.0.0.1 at 2014-10-16 12:59:01 +0800


Started GET "/assets/welcome.js?body=1" for 127.0.0.1 at 2014-10-16 12:59:01 +0800


Started GET "/assets/jquery.js?body=1" for 127.0.0.1 at 2014-10-16 12:59:01 +0800


Started GET "/assets/turbolinks.js?body=1" for 127.0.0.1 at 2014-10-16 12:59:01 +0800


Started GET "/assets/application.js?body=1" for 127.0.0.1 at 2014-10-16 12:59:01 +0800


Started GET "/images/background.jpg" for 127.0.0.1 at 2014-10-16 12:59:02 +0800

ActionController::RoutingError (No route matches [GET] "/images/background.jpg"):
  actionpack (4.1.6) lib/action_dispatch/middleware/debug_exceptions.rb:21:in `call'
  actionpack (4.1.6) lib/action_dispatch/middleware/show_exceptions.rb:30:in `call'
  railties (4.1.6) lib/rails/rack/logger.rb:38:in `call_app'
  railties (4.1.6) lib/rails/rack/logger.rb:20:in `block in call'
  activesupport (4.1.6) lib/active_support/tagged_logging.rb:68:in `block in tagged'
  activesupport (4.1.6) lib/active_support/tagged_logging.rb:26:in `tagged'
  activesupport (4.1.6) lib/active_support/tagged_logging.rb:68:in `tagged'
  railties (4.1.6) lib/rails/rack/logger.rb:20:in `call'
  actionpack (4.1.6) lib/action_dispatch/middleware/request_id.rb:21:in `call'
  rack (1.5.2) lib/rack/methodoverride.rb:21:in `call'
  rack (1.5.2) lib/rack/runtime.rb:17:in `call'
  activesupport (4.1.6) lib/active_support/cache/strategy/local_cache_middleware.rb:26:in `call'
  rack (1.5.2) lib/rack/lock.rb:17:in `call'
  actionpack (4.1.6) lib/action_dispatch/middleware/static.rb:64:in `call'
  rack (1.5.2) lib/rack/sendfile.rb:112:in `call'
  railties (4.1.6) lib/rails/engine.rb:514:in `call'
  railties (4.1.6) lib/rails/application.rb:144:in `call'
  rack (1.5.2) lib/rack/lock.rb:17:in `call'
  rack (1.5.2) lib/rack/content_length.rb:14:in `call'
  rack (1.5.2) lib/rack/handler/webrick.rb:60:in `service'
  /Users/jasonlaw89/.rvm/rubies/ruby-2.1.2/lib/ruby/2.1.0/webrick/httpserver.rb:138:in `service'
  /Users/jasonlaw89/.rvm/rubies/ruby-2.1.2/lib/ruby/2.1.0/webrick/httpserver.rb:94:in `run'
  /Users/jasonlaw89/.rvm/rubies/ruby-2.1.2/lib/ruby/2.1.0/webrick/server.rb:295:in `block in start_thread'


  Rendered /Users/jasonlaw89/.rvm/gems/ruby-2.1.2/gems/actionpack-4.1.6/lib/action_dispatch/middleware/templates/rescues/_trace.html.erb (2.8ms)
  Rendered /Users/jasonlaw89/.rvm/gems/ruby-2.1.2/gems/actionpack-4.1.6/lib/action_dispatch/middleware/templates/routes/_route.html.erb (1.5ms)
  Rendered /Users/jasonlaw89/.rvm/gems/ruby-2.1.2/gems/actionpack-4.1.6/lib/action_dispatch/middleware/templates/routes/_table.html.erb (25.8ms)
  Rendered /Users/jasonlaw89/.rvm/gems/ruby-2.1.2/gems/actionpack-4.1.6/lib/action_dispatch/middleware/templates/rescues/routing_error.html.erb within rescues/layout (78.5ms)


Started GET "/assets/Pacifico.ttf" for 127.0.0.1 at 2014-10-16 12:59:02 +0800

ActionController::RoutingError (No route matches [GET] "/Pacifico.ttf"):
  actionpack (4.1.6) lib/action_dispatch/middleware/debug_exceptions.rb:21:in `call'
  actionpack (4.1.6) lib/action_dispatch/middleware/show_exceptions.rb:30:in `call'
  railties (4.1.6) lib/rails/rack/logger.rb:38:in `call_app'
  railties (4.1.6) lib/rails/rack/logger.rb:20:in `block in call'
  activesupport (4.1.6) lib/active_support/tagged_logging.rb:68:in `block in tagged'
  activesupport (4.1.6) lib/active_support/tagged_logging.rb:26:in `tagged'
  activesupport (4.1.6) lib/active_support/tagged_logging.rb:68:in `tagged'
  railties (4.1.6) lib/rails/rack/logger.rb:20:in `call'
  actionpack (4.1.6) lib/action_dispatch/middleware/request_id.rb:21:in `call'
  rack (1.5.2) lib/rack/methodoverride.rb:21:in `call'
  rack (1.5.2) lib/rack/runtime.rb:17:in `call'
  activesupport (4.1.6) lib/active_support/cache/strategy/local_cache_middleware.rb:26:in `call'
  rack (1.5.2) lib/rack/lock.rb:17:in `call'
  actionpack (4.1.6) lib/action_dispatch/middleware/static.rb:64:in `call'
  rack (1.5.2) lib/rack/sendfile.rb:112:in `call'
  railties (4.1.6) lib/rails/engine.rb:514:in `call'
  railties (4.1.6) lib/rails/application.rb:144:in `call'
  rack (1.5.2) lib/rack/lock.rb:17:in `call'
  rack (1.5.2) lib/rack/content_length.rb:14:in `call'
  rack (1.5.2) lib/rack/handler/webrick.rb:60:in `service'
  /Users/jasonlaw89/.rvm/rubies/ruby-2.1.2/lib/ruby/2.1.0/webrick/httpserver.rb:138:in `service'
  /Users/jasonlaw89/.rvm/rubies/ruby-2.1.2/lib/ruby/2.1.0/webrick/httpserver.rb:94:in `run'
  /Users/jasonlaw89/.rvm/rubies/ruby-2.1.2/lib/ruby/2.1.0/webrick/server.rb:295:in `block in start_thread'


  Rendered /Users/jasonlaw89/.rvm/gems/ruby-2.1.2/gems/actionpack-4.1.6/lib/action_dispatch/middleware/templates/rescues/_trace.html.erb (2.3ms)
  Rendered /Users/jasonlaw89/.rvm/gems/ruby-2.1.2/gems/actionpack-4.1.6/lib/action_dispatch/middleware/templates/routes/_route.html.erb (0.8ms)
  Rendered /Users/jasonlaw89/.rvm/gems/ruby-2.1.2/gems/actionpack-4.1.6/lib/action_dispatch/middleware/templates/routes/_table.html.erb (1.7ms)
  Rendered /Users/jasonlaw89/.rvm/gems/ruby-2.1.2/gems/actionpack-4.1.6/lib/action_dispatch/middleware/templates/rescues/routing_error.html.erb within rescues/layout (25.3ms)


Started GET "/" for 127.0.0.1 at 2014-10-16 13:00:49 +0800
Processing by WelcomeController#index as HTML
  Rendered welcome/under_construction.html.erb within layouts/application (0.8ms)
Completed 200 OK in 50ms (Views: 48.9ms | ActiveRecord: 0.0ms)


Started GET "/assets/welcome.css?body=1" for 127.0.0.1 at 2014-10-16 13:00:49 +0800


Started GET "/assets/application.css?body=1" for 127.0.0.1 at 2014-10-16 13:00:49 +0800


Started GET "/assets/welcome.js?body=1" for 127.0.0.1 at 2014-10-16 13:00:49 +0800


Started GET "/assets/turbolinks.js?body=1" for 127.0.0.1 at 2014-10-16 13:00:49 +0800


Started GET "/assets/jquery_ujs.js?body=1" for 127.0.0.1 at 2014-10-16 13:00:49 +0800


Started GET "/assets/application.js?body=1" for 127.0.0.1 at 2014-10-16 13:00:49 +0800


Started GET "/assets/jquery.js?body=1" for 127.0.0.1 at 2014-10-16 13:00:49 +0800


Started GET "/assets/Pacifico.ttf" for 127.0.0.1 at 2014-10-16 13:00:50 +0800

ActionController::RoutingError (No route matches [GET] "/Pacifico.ttf"):
  actionpack (4.1.6) lib/action_dispatch/middleware/debug_exceptions.rb:21:in `call'
  actionpack (4.1.6) lib/action_dispatch/middleware/show_exceptions.rb:30:in `call'
  railties (4.1.6) lib/rails/rack/logger.rb:38:in `call_app'
  railties (4.1.6) lib/rails/rack/logger.rb:20:in `block in call'
  activesupport (4.1.6) lib/active_support/tagged_logging.rb:68:in `block in tagged'
  activesupport (4.1.6) lib/active_support/tagged_logging.rb:26:in `tagged'
  activesupport (4.1.6) lib/active_support/tagged_logging.rb:68:in `tagged'
  railties (4.1.6) lib/rails/rack/logger.rb:20:in `call'
  actionpack (4.1.6) lib/action_dispatch/middleware/request_id.rb:21:in `call'
  rack (1.5.2) lib/rack/methodoverride.rb:21:in `call'
  rack (1.5.2) lib/rack/runtime.rb:17:in `call'
  activesupport (4.1.6) lib/active_support/cache/strategy/local_cache_middleware.rb:26:in `call'
  rack (1.5.2) lib/rack/lock.rb:17:in `call'
  actionpack (4.1.6) lib/action_dispatch/middleware/static.rb:64:in `call'
  rack (1.5.2) lib/rack/sendfile.rb:112:in `call'
  railties (4.1.6) lib/rails/engine.rb:514:in `call'
  railties (4.1.6) lib/rails/application.rb:144:in `call'
  rack (1.5.2) lib/rack/lock.rb:17:in `call'
  rack (1.5.2) lib/rack/content_length.rb:14:in `call'
  rack (1.5.2) lib/rack/handler/webrick.rb:60:in `service'
  /Users/jasonlaw89/.rvm/rubies/ruby-2.1.2/lib/ruby/2.1.0/webrick/httpserver.rb:138:in `service'
  /Users/jasonlaw89/.rvm/rubies/ruby-2.1.2/lib/ruby/2.1.0/webrick/httpserver.rb:94:in `run'
  /Users/jasonlaw89/.rvm/rubies/ruby-2.1.2/lib/ruby/2.1.0/webrick/server.rb:295:in `block in start_thread'


  Rendered /Users/jasonlaw89/.rvm/gems/ruby-2.1.2/gems/actionpack-4.1.6/lib/action_dispatch/middleware/templates/rescues/_trace.html.erb (1.5ms)
  Rendered /Users/jasonlaw89/.rvm/gems/ruby-2.1.2/gems/actionpack-4.1.6/lib/action_dispatch/middleware/templates/routes/_route.html.erb (1.2ms)
  Rendered /Users/jasonlaw89/.rvm/gems/ruby-2.1.2/gems/actionpack-4.1.6/lib/action_dispatch/middleware/templates/routes/_table.html.erb (2.1ms)
  Rendered /Users/jasonlaw89/.rvm/gems/ruby-2.1.2/gems/actionpack-4.1.6/lib/action_dispatch/middleware/templates/rescues/routing_error.html.erb within rescues/layout (22.7ms)


Started GET "/?admin=true" for 127.0.0.1 at 2014-10-16 13:01:03 +0800
Processing by WelcomeController#index as HTML
  Parameters: {"admin"=>"true"}
  Rendered welcome/index.html.erb within layouts/application (0.2ms)
Completed 200 OK in 48ms (Views: 47.2ms | ActiveRecord: 0.0ms)


Started GET "/assets/jquery.js?body=1" for 127.0.0.1 at 2014-10-16 13:01:03 +0800


Started GET "/assets/jquery_ujs.js?body=1" for 127.0.0.1 at 2014-10-16 13:01:03 +0800


Started GET "/assets/turbolinks.js?body=1" for 127.0.0.1 at 2014-10-16 13:01:03 +0800


Started GET "/assets/welcome.js?body=1" for 127.0.0.1 at 2014-10-16 13:01:03 +0800


Started GET "/assets/application.js?body=1" for 127.0.0.1 at 2014-10-16 13:01:03 +0800


Started GET "/?admin=true" for 127.0.0.1 at 2014-10-16 13:03:12 +0800
Processing by WelcomeController#index as HTML
  Parameters: {"admin"=>"true"}
  Rendered welcome/index.html.erb within layouts/application (1.0ms)
Completed 200 OK in 78ms (Views: 76.7ms | ActiveRecord: 0.0ms)


Started GET "/assets/welcome.css?body=1" for 127.0.0.1 at 2014-10-16 13:03:12 +0800


Started GET "/assets/jquery_ujs.js?body=1" for 127.0.0.1 at 2014-10-16 13:03:12 +0800


Started GET "/assets/jquery.js?body=1" for 127.0.0.1 at 2014-10-16 13:03:12 +0800


Started GET "/assets/turbolinks.js?body=1" for 127.0.0.1 at 2014-10-16 13:03:12 +0800


Started GET "/assets/welcome.js?body=1" for 127.0.0.1 at 2014-10-16 13:03:12 +0800


Started GET "/assets/application.js?body=1" for 127.0.0.1 at 2014-10-16 13:03:12 +0800


Started GET "/?admin=true" for 127.0.0.1 at 2014-10-16 13:04:47 +0800
Processing by WelcomeController#index as HTML
  Parameters: {"admin"=>"true"}
  Rendered welcome/index.html.erb within layouts/application (4.5ms)
Completed 200 OK in 526ms (Views: 513.9ms | ActiveRecord: 0.0ms)


Started GET "/assets/welcome.css?body=1" for 127.0.0.1 at 2014-10-16 13:04:48 +0800


Started GET "/assets/turbolinks.js?body=1" for 127.0.0.1 at 2014-10-16 13:04:48 +0800


Started GET "/assets/jquery_ujs.js?body=1" for 127.0.0.1 at 2014-10-16 13:04:48 +0800


Started GET "/assets/jquery.js?body=1" for 127.0.0.1 at 2014-10-16 13:04:48 +0800


Started GET "/assets/welcome.js?body=1" for 127.0.0.1 at 2014-10-16 13:04:48 +0800


Started GET "/assets/application.js?body=1" for 127.0.0.1 at 2014-10-16 13:04:48 +0800


Started GET "/?admin=true" for 127.0.0.1 at 2014-10-16 13:06:59 +0800
Processing by WelcomeController#index as HTML
  Parameters: {"admin"=>"true"}
  Rendered welcome/index.html.erb within layouts/application (0.2ms)
Completed 200 OK in 44ms (Views: 43.3ms | ActiveRecord: 0.0ms)


Started GET "/assets/welcome.css?body=1" for 127.0.0.1 at 2014-10-16 13:06:59 +0800


Started GET "/assets/application.css?body=1" for 127.0.0.1 at 2014-10-16 13:06:59 +0800


Started GET "/assets/application.js?body=1" for 127.0.0.1 at 2014-10-16 13:06:59 +0800


Started GET "/assets/turbolinks.js?body=1" for 127.0.0.1 at 2014-10-16 13:06:59 +0800


Started GET "/assets/jquery_ujs.js?body=1" for 127.0.0.1 at 2014-10-16 13:06:59 +0800


Started GET "/assets/jquery.js?body=1" for 127.0.0.1 at 2014-10-16 13:06:59 +0800


Started GET "/assets/welcome.js?body=1" for 127.0.0.1 at 2014-10-16 13:06:59 +0800


Started GET "/?admin=true" for 127.0.0.1 at 2014-10-16 13:07:34 +0800
Processing by WelcomeController#index as HTML
  Parameters: {"admin"=>"true"}
  Rendered welcome/index.html.erb within layouts/application (0.3ms)
Completed 200 OK in 82ms (Views: 81.0ms | ActiveRecord: 0.0ms)


Started GET "/assets/welcome.css?body=1" for 127.0.0.1 at 2014-10-16 13:07:34 +0800


Started GET "/assets/application.css?body=1" for 127.0.0.1 at 2014-10-16 13:07:34 +0800


Started GET "/assets/jquery.js?body=1" for 127.0.0.1 at 2014-10-16 13:07:34 +0800


Started GET "/assets/jquery_ujs.js?body=1" for 127.0.0.1 at 2014-10-16 13:07:34 +0800


Started GET "/assets/turbolinks.js?body=1" for 127.0.0.1 at 2014-10-16 13:07:34 +0800


Started GET "/assets/application.js?body=1" for 127.0.0.1 at 2014-10-16 13:07:34 +0800


Started GET "/assets/welcome.js?body=1" for 127.0.0.1 at 2014-10-16 13:07:34 +0800


Started GET "/images/background.jpg" for 127.0.0.1 at 2014-10-16 13:07:34 +0800

ActionController::RoutingError (No route matches [GET] "/images/background.jpg"):
  actionpack (4.1.6) lib/action_dispatch/middleware/debug_exceptions.rb:21:in `call'
  actionpack (4.1.6) lib/action_dispatch/middleware/show_exceptions.rb:30:in `call'
  railties (4.1.6) lib/rails/rack/logger.rb:38:in `call_app'
  railties (4.1.6) lib/rails/rack/logger.rb:20:in `block in call'
  activesupport (4.1.6) lib/active_support/tagged_logging.rb:68:in `block in tagged'
  activesupport (4.1.6) lib/active_support/tagged_logging.rb:26:in `tagged'
  activesupport (4.1.6) lib/active_support/tagged_logging.rb:68:in `tagged'
  railties (4.1.6) lib/rails/rack/logger.rb:20:in `call'
  actionpack (4.1.6) lib/action_dispatch/middleware/request_id.rb:21:in `call'
  rack (1.5.2) lib/rack/methodoverride.rb:21:in `call'
  rack (1.5.2) lib/rack/runtime.rb:17:in `call'
  activesupport (4.1.6) lib/active_support/cache/strategy/local_cache_middleware.rb:26:in `call'
  rack (1.5.2) lib/rack/lock.rb:17:in `call'
  actionpack (4.1.6) lib/action_dispatch/middleware/static.rb:64:in `call'
  rack (1.5.2) lib/rack/sendfile.rb:112:in `call'
  railties (4.1.6) lib/rails/engine.rb:514:in `call'
  railties (4.1.6) lib/rails/application.rb:144:in `call'
  rack (1.5.2) lib/rack/lock.rb:17:in `call'
  rack (1.5.2) lib/rack/content_length.rb:14:in `call'
  rack (1.5.2) lib/rack/handler/webrick.rb:60:in `service'
  /Users/jasonlaw89/.rvm/rubies/ruby-2.1.2/lib/ruby/2.1.0/webrick/httpserver.rb:138:in `service'
  /Users/jasonlaw89/.rvm/rubies/ruby-2.1.2/lib/ruby/2.1.0/webrick/httpserver.rb:94:in `run'
  /Users/jasonlaw89/.rvm/rubies/ruby-2.1.2/lib/ruby/2.1.0/webrick/server.rb:295:in `block in start_thread'


  Rendered /Users/jasonlaw89/.rvm/gems/ruby-2.1.2/gems/actionpack-4.1.6/lib/action_dispatch/middleware/templates/rescues/_trace.html.erb (2.3ms)
  Rendered /Users/jasonlaw89/.rvm/gems/ruby-2.1.2/gems/actionpack-4.1.6/lib/action_dispatch/middleware/templates/routes/_route.html.erb (0.9ms)
  Rendered /Users/jasonlaw89/.rvm/gems/ruby-2.1.2/gems/actionpack-4.1.6/lib/action_dispatch/middleware/templates/routes/_table.html.erb (13.0ms)
  Rendered /Users/jasonlaw89/.rvm/gems/ruby-2.1.2/gems/actionpack-4.1.6/lib/action_dispatch/middleware/templates/rescues/routing_error.html.erb within rescues/layout (50.8ms)


Started GET "/assets/fonts/Pacifico.ttf" for 127.0.0.1 at 2014-10-16 13:07:34 +0800

ActionController::RoutingError (No route matches [GET] "/fonts/Pacifico.ttf"):
  actionpack (4.1.6) lib/action_dispatch/middleware/debug_exceptions.rb:21:in `call'
  actionpack (4.1.6) lib/action_dispatch/middleware/show_exceptions.rb:30:in `call'
  railties (4.1.6) lib/rails/rack/logger.rb:38:in `call_app'
  railties (4.1.6) lib/rails/rack/logger.rb:20:in `block in call'
  activesupport (4.1.6) lib/active_support/tagged_logging.rb:68:in `block in tagged'
  activesupport (4.1.6) lib/active_support/tagged_logging.rb:26:in `tagged'
  activesupport (4.1.6) lib/active_support/tagged_logging.rb:68:in `tagged'
  railties (4.1.6) lib/rails/rack/logger.rb:20:in `call'
  actionpack (4.1.6) lib/action_dispatch/middleware/request_id.rb:21:in `call'
  rack (1.5.2) lib/rack/methodoverride.rb:21:in `call'
  rack (1.5.2) lib/rack/runtime.rb:17:in `call'
  activesupport (4.1.6) lib/active_support/cache/strategy/local_cache_middleware.rb:26:in `call'
  rack (1.5.2) lib/rack/lock.rb:17:in `call'
  actionpack (4.1.6) lib/action_dispatch/middleware/static.rb:64:in `call'
  rack (1.5.2) lib/rack/sendfile.rb:112:in `call'
  railties (4.1.6) lib/rails/engine.rb:514:in `call'
  railties (4.1.6) lib/rails/application.rb:144:in `call'
  rack (1.5.2) lib/rack/lock.rb:17:in `call'
  rack (1.5.2) lib/rack/content_length.rb:14:in `call'
  rack (1.5.2) lib/rack/handler/webrick.rb:60:in `service'
  /Users/jasonlaw89/.rvm/rubies/ruby-2.1.2/lib/ruby/2.1.0/webrick/httpserver.rb:138:in `service'
  /Users/jasonlaw89/.rvm/rubies/ruby-2.1.2/lib/ruby/2.1.0/webrick/httpserver.rb:94:in `run'
  /Users/jasonlaw89/.rvm/rubies/ruby-2.1.2/lib/ruby/2.1.0/webrick/server.rb:295:in `block in start_thread'


  Rendered /Users/jasonlaw89/.rvm/gems/ruby-2.1.2/gems/actionpack-4.1.6/lib/action_dispatch/middleware/templates/rescues/_trace.html.erb (1.2ms)
  Rendered /Users/jasonlaw89/.rvm/gems/ruby-2.1.2/gems/actionpack-4.1.6/lib/action_dispatch/middleware/templates/routes/_route.html.erb (0.7ms)
  Rendered /Users/jasonlaw89/.rvm/gems/ruby-2.1.2/gems/actionpack-4.1.6/lib/action_dispatch/middleware/templates/routes/_table.html.erb (1.1ms)
  Rendered /Users/jasonlaw89/.rvm/gems/ruby-2.1.2/gems/actionpack-4.1.6/lib/action_dispatch/middleware/templates/rescues/routing_error.html.erb within rescues/layout (17.4ms)


Started GET "/?admin=true" for 127.0.0.1 at 2014-10-16 13:07:44 +0800
Processing by WelcomeController#index as HTML
  Parameters: {"admin"=>"true"}
  Rendered welcome/index.html.erb within layouts/application (0.3ms)
Completed 200 OK in 88ms (Views: 86.9ms | ActiveRecord: 0.0ms)


Started GET "/assets/application.css?body=1" for 127.0.0.1 at 2014-10-16 13:07:44 +0800


Started GET "/assets/turbolinks.js?body=1" for 127.0.0.1 at 2014-10-16 13:07:44 +0800


Started GET "/assets/welcome.css?body=1" for 127.0.0.1 at 2014-10-16 13:07:44 +0800


Started GET "/assets/jquery_ujs.js?body=1" for 127.0.0.1 at 2014-10-16 13:07:44 +0800


Started GET "/assets/welcome.js?body=1" for 127.0.0.1 at 2014-10-16 13:07:44 +0800


Started GET "/assets/jquery.js?body=1" for 127.0.0.1 at 2014-10-16 13:07:44 +0800


Started GET "/assets/application.js?body=1" for 127.0.0.1 at 2014-10-16 13:07:44 +0800


Started GET "/assets/Pacifico.ttf" for 127.0.0.1 at 2014-10-16 13:07:44 +0800


Started GET "/images/background.jpg" for 127.0.0.1 at 2014-10-16 13:07:44 +0800

ActionController::RoutingError (No route matches [GET] "/images/background.jpg"):
  actionpack (4.1.6) lib/action_dispatch/middleware/debug_exceptions.rb:21:in `call'
  actionpack (4.1.6) lib/action_dispatch/middleware/show_exceptions.rb:30:in `call'
  railties (4.1.6) lib/rails/rack/logger.rb:38:in `call_app'
  railties (4.1.6) lib/rails/rack/logger.rb:20:in `block in call'
  activesupport (4.1.6) lib/active_support/tagged_logging.rb:68:in `block in tagged'
  activesupport (4.1.6) lib/active_support/tagged_logging.rb:26:in `tagged'
  activesupport (4.1.6) lib/active_support/tagged_logging.rb:68:in `tagged'
  railties (4.1.6) lib/rails/rack/logger.rb:20:in `call'
  actionpack (4.1.6) lib/action_dispatch/middleware/request_id.rb:21:in `call'
  rack (1.5.2) lib/rack/methodoverride.rb:21:in `call'
  rack (1.5.2) lib/rack/runtime.rb:17:in `call'
  activesupport (4.1.6) lib/active_support/cache/strategy/local_cache_middleware.rb:26:in `call'
  rack (1.5.2) lib/rack/lock.rb:17:in `call'
  actionpack (4.1.6) lib/action_dispatch/middleware/static.rb:64:in `call'
  rack (1.5.2) lib/rack/sendfile.rb:112:in `call'
  railties (4.1.6) lib/rails/engine.rb:514:in `call'
  railties (4.1.6) lib/rails/application.rb:144:in `call'
  rack (1.5.2) lib/rack/lock.rb:17:in `call'
  rack (1.5.2) lib/rack/content_length.rb:14:in `call'
  rack (1.5.2) lib/rack/handler/webrick.rb:60:in `service'
  /Users/jasonlaw89/.rvm/rubies/ruby-2.1.2/lib/ruby/2.1.0/webrick/httpserver.rb:138:in `service'
  /Users/jasonlaw89/.rvm/rubies/ruby-2.1.2/lib/ruby/2.1.0/webrick/httpserver.rb:94:in `run'
  /Users/jasonlaw89/.rvm/rubies/ruby-2.1.2/lib/ruby/2.1.0/webrick/server.rb:295:in `block in start_thread'


  Rendered /Users/jasonlaw89/.rvm/gems/ruby-2.1.2/gems/actionpack-4.1.6/lib/action_dispatch/middleware/templates/rescues/_trace.html.erb (1.9ms)
  Rendered /Users/jasonlaw89/.rvm/gems/ruby-2.1.2/gems/actionpack-4.1.6/lib/action_dispatch/middleware/templates/routes/_route.html.erb (1.4ms)
  Rendered /Users/jasonlaw89/.rvm/gems/ruby-2.1.2/gems/actionpack-4.1.6/lib/action_dispatch/middleware/templates/routes/_table.html.erb (2.1ms)
  Rendered /Users/jasonlaw89/.rvm/gems/ruby-2.1.2/gems/actionpack-4.1.6/lib/action_dispatch/middleware/templates/rescues/routing_error.html.erb within rescues/layout (25.6ms)


Started GET "/?admin=true" for 127.0.0.1 at 2014-10-16 13:07:46 +0800
Processing by WelcomeController#index as HTML
  Parameters: {"admin"=>"true"}
  Rendered welcome/index.html.erb within layouts/application (0.3ms)
Completed 200 OK in 69ms (Views: 67.8ms | ActiveRecord: 0.0ms)


Started GET "/assets/welcome.css?body=1" for 127.0.0.1 at 2014-10-16 13:07:46 +0800


Started GET "/assets/jquery_ujs.js?body=1" for 127.0.0.1 at 2014-10-16 13:07:46 +0800


Started GET "/assets/application.css?body=1" for 127.0.0.1 at 2014-10-16 13:07:46 +0800


Started GET "/assets/turbolinks.js?body=1" for 127.0.0.1 at 2014-10-16 13:07:46 +0800


Started GET "/assets/jquery.js?body=1" for 127.0.0.1 at 2014-10-16 13:07:46 +0800


Started GET "/assets/welcome.js?body=1" for 127.0.0.1 at 2014-10-16 13:07:46 +0800


Started GET "/assets/application.js?body=1" for 127.0.0.1 at 2014-10-16 13:07:46 +0800


Started GET "/?admin=true" for 127.0.0.1 at 2014-10-16 13:09:18 +0800
Processing by WelcomeController#index as HTML
  Parameters: {"admin"=>"true"}
  Rendered welcome/index.html.erb within layouts/application (0.2ms)
Completed 200 OK in 175ms (Views: 174.1ms | ActiveRecord: 0.0ms)


Started GET "/assets/welcome.css?body=1" for 127.0.0.1 at 2014-10-16 13:09:18 +0800


Started GET "/assets/application.css?body=1" for 127.0.0.1 at 2014-10-16 13:09:18 +0800


Started GET "/assets/jquery.js?body=1" for 127.0.0.1 at 2014-10-16 13:09:18 +0800


Started GET "/assets/jquery_ujs.js?body=1" for 127.0.0.1 at 2014-10-16 13:09:18 +0800


Started GET "/assets/application.js?body=1" for 127.0.0.1 at 2014-10-16 13:09:18 +0800


Started GET "/assets/turbolinks.js?body=1" for 127.0.0.1 at 2014-10-16 13:09:18 +0800


Started GET "/assets/welcome.js?body=1" for 127.0.0.1 at 2014-10-16 13:09:18 +0800


Started GET "/assets/background.jpg" for 127.0.0.1 at 2014-10-16 13:09:19 +0800


Started GET "/assets/Pacifico.ttf" for 127.0.0.1 at 2014-10-16 13:09:19 +0800


Started GET "/assets/welcome.css?body=1" for 127.0.0.1 at 2014-10-16 14:04:53 +0800


Started GET "/assets/application.css?body=1" for 127.0.0.1 at 2014-10-16 14:04:53 +0800


Started GET "/?admin=true" for 127.0.0.1 at 2014-10-16 14:06:05 +0800
Processing by WelcomeController#index as HTML
  Parameters: {"admin"=>"true"}
  Rendered welcome/index.html.erb within layouts/application (0.9ms)
Completed 200 OK in 60ms (Views: 59.2ms | ActiveRecord: 0.0ms)


Started GET "/assets/jquery.js?body=1" for 127.0.0.1 at 2014-10-16 14:06:05 +0800


Started GET "/assets/application.css?body=1" for 127.0.0.1 at 2014-10-16 14:06:05 +0800


Started GET "/assets/welcome.css?body=1" for 127.0.0.1 at 2014-10-16 14:06:05 +0800


Started GET "/assets/jquery_ujs.js?body=1" for 127.0.0.1 at 2014-10-16 14:06:05 +0800


Started GET "/assets/turbolinks.js?body=1" for 127.0.0.1 at 2014-10-16 14:06:05 +0800


Started GET "/assets/application.js?body=1" for 127.0.0.1 at 2014-10-16 14:06:05 +0800


Started GET "/assets/welcome.js?body=1" for 127.0.0.1 at 2014-10-16 14:06:05 +0800


Started GET "/?admin=true" for 127.0.0.1 at 2014-10-16 14:06:54 +0800
Processing by WelcomeController#index as HTML
  Parameters: {"admin"=>"true"}
  Rendered welcome/index.html.erb within layouts/application (0.9ms)
Completed 200 OK in 122ms (Views: 120.5ms | ActiveRecord: 0.0ms)


Started GET "/assets/welcome.css?body=1" for 127.0.0.1 at 2014-10-16 14:06:54 +0800


Started GET "/assets/application.css?body=1" for 127.0.0.1 at 2014-10-16 14:06:54 +0800


Started GET "/assets/jquery.js?body=1" for 127.0.0.1 at 2014-10-16 14:06:54 +0800


Started GET "/assets/turbolinks.js?body=1" for 127.0.0.1 at 2014-10-16 14:06:54 +0800


Started GET "/assets/welcome.js?body=1" for 127.0.0.1 at 2014-10-16 14:06:54 +0800


Started GET "/assets/jquery_ujs.js?body=1" for 127.0.0.1 at 2014-10-16 14:06:54 +0800


Started GET "/assets/application.js?body=1" for 127.0.0.1 at 2014-10-16 14:06:54 +0800


Started GET "/?admin=true" for 127.0.0.1 at 2014-10-16 14:07:14 +0800
Processing by WelcomeController#index as HTML
  Parameters: {"admin"=>"true"}
  Rendered welcome/index.html.erb within layouts/application (0.2ms)
Completed 200 OK in 153ms (Views: 152.1ms | ActiveRecord: 0.0ms)


Started GET "/assets/welcome.css?body=1" for 127.0.0.1 at 2014-10-16 14:07:14 +0800


Started GET "/assets/jquery_ujs.js?body=1" for 127.0.0.1 at 2014-10-16 14:07:14 +0800


Started GET "/assets/welcome.js?body=1" for 127.0.0.1 at 2014-10-16 14:07:14 +0800


Started GET "/assets/jquery.js?body=1" for 127.0.0.1 at 2014-10-16 14:07:14 +0800


Started GET "/assets/turbolinks.js?body=1" for 127.0.0.1 at 2014-10-16 14:07:14 +0800


Started GET "/assets/application.css?body=1" for 127.0.0.1 at 2014-10-16 14:07:14 +0800


Started GET "/assets/application.js?body=1" for 127.0.0.1 at 2014-10-16 14:07:14 +0800


Started GET "/?admin=true" for 127.0.0.1 at 2014-10-16 14:09:13 +0800
Processing by WelcomeController#index as HTML
  Parameters: {"admin"=>"true"}
  Rendered welcome/index.html.erb within layouts/application (0.6ms)
Completed 200 OK in 113ms (Views: 112.4ms | ActiveRecord: 0.0ms)


Started GET "/assets/welcome.css?body=1" for 127.0.0.1 at 2014-10-16 14:09:13 +0800


Started GET "/assets/application.css?body=1" for 127.0.0.1 at 2014-10-16 14:09:13 +0800


Started GET "/assets/turbolinks.js?body=1" for 127.0.0.1 at 2014-10-16 14:09:13 +0800


Started GET "/assets/jquery_ujs.js?body=1" for 127.0.0.1 at 2014-10-16 14:09:13 +0800


Started GET "/assets/welcome.js?body=1" for 127.0.0.1 at 2014-10-16 14:09:13 +0800


Started GET "/assets/jquery.js?body=1" for 127.0.0.1 at 2014-10-16 14:09:13 +0800


Started GET "/assets/application.js?body=1" for 127.0.0.1 at 2014-10-16 14:09:13 +0800


Started GET "/?admin=true" for 127.0.0.1 at 2014-10-16 14:09:32 +0800
Processing by WelcomeController#index as HTML
  Parameters: {"admin"=>"true"}
  Rendered welcome/index.html.erb within layouts/application (0.2ms)
Completed 200 OK in 97ms (Views: 95.5ms | ActiveRecord: 0.0ms)


Started GET "/assets/application.css?body=1" for 127.0.0.1 at 2014-10-16 14:09:32 +0800


Started GET "/assets/welcome.css?body=1" for 127.0.0.1 at 2014-10-16 14:09:32 +0800


Started GET "/assets/jquery.js?body=1" for 127.0.0.1 at 2014-10-16 14:09:32 +0800


Started GET "/assets/jquery_ujs.js?body=1" for 127.0.0.1 at 2014-10-16 14:09:32 +0800


Started GET "/assets/welcome.js?body=1" for 127.0.0.1 at 2014-10-16 14:09:32 +0800


Started GET "/assets/turbolinks.js?body=1" for 127.0.0.1 at 2014-10-16 14:09:32 +0800


Started GET "/assets/application.js?body=1" for 127.0.0.1 at 2014-10-16 14:09:32 +0800


Started GET "/?admin=true" for 127.0.0.1 at 2014-10-16 14:10:16 +0800
Processing by WelcomeController#index as HTML
  Parameters: {"admin"=>"true"}
  Rendered welcome/index.html.erb within layouts/application (0.2ms)
Completed 200 OK in 96ms (Views: 95.3ms | ActiveRecord: 0.0ms)


Started GET "/assets/welcome.css?body=1" for 127.0.0.1 at 2014-10-16 14:10:16 +0800


Started GET "/assets/jquery_ujs.js?body=1" for 127.0.0.1 at 2014-10-16 14:10:16 +0800


Started GET "/assets/jquery.js?body=1" for 127.0.0.1 at 2014-10-16 14:10:16 +0800


Started GET "/assets/turbolinks.js?body=1" for 127.0.0.1 at 2014-10-16 14:10:16 +0800


Started GET "/assets/welcome.js?body=1" for 127.0.0.1 at 2014-10-16 14:10:16 +0800


Started GET "/assets/application.css?body=1" for 127.0.0.1 at 2014-10-16 14:10:16 +0800


Started GET "/assets/application.js?body=1" for 127.0.0.1 at 2014-10-16 14:10:16 +0800


Started GET "/?admin=true" for 127.0.0.1 at 2014-10-16 14:10:38 +0800
Processing by WelcomeController#index as HTML
  Parameters: {"admin"=>"true"}
  Rendered welcome/index.html.erb within layouts/application (0.2ms)
Completed 200 OK in 221ms (Views: 220.2ms | ActiveRecord: 0.0ms)


Started GET "/assets/application.css?body=1" for 127.0.0.1 at 2014-10-16 14:10:39 +0800


Started GET "/assets/welcome.css?body=1" for 127.0.0.1 at 2014-10-16 14:10:39 +0800


Started GET "/assets/turbolinks.js?body=1" for 127.0.0.1 at 2014-10-16 14:10:39 +0800


Started GET "/assets/welcome.js?body=1" for 127.0.0.1 at 2014-10-16 14:10:39 +0800


Started GET "/assets/jquery_ujs.js?body=1" for 127.0.0.1 at 2014-10-16 14:10:39 +0800


Started GET "/assets/jquery.js?body=1" for 127.0.0.1 at 2014-10-16 14:10:39 +0800


Started GET "/assets/application.js?body=1" for 127.0.0.1 at 2014-10-16 14:10:39 +0800


Started GET "/?admin=true" for 127.0.0.1 at 2014-10-16 14:11:09 +0800
Processing by WelcomeController#index as HTML
  Parameters: {"admin"=>"true"}
  Rendered welcome/index.html.erb within layouts/application (0.6ms)
Completed 200 OK in 46ms (Views: 45.0ms | ActiveRecord: 0.0ms)


Started GET "/assets/welcome.css?body=1" for 127.0.0.1 at 2014-10-16 14:11:09 +0800


Started GET "/assets/application.css?body=1" for 127.0.0.1 at 2014-10-16 14:11:09 +0800


Started GET "/assets/turbolinks.js?body=1" for 127.0.0.1 at 2014-10-16 14:11:09 +0800


Started GET "/assets/jquery.js?body=1" for 127.0.0.1 at 2014-10-16 14:11:09 +0800


Started GET "/assets/application.js?body=1" for 127.0.0.1 at 2014-10-16 14:11:09 +0800


Started GET "/assets/jquery_ujs.js?body=1" for 127.0.0.1 at 2014-10-16 14:11:09 +0800


Started GET "/assets/welcome.js?body=1" for 127.0.0.1 at 2014-10-16 14:11:09 +0800


Started GET "/?admin=true" for 127.0.0.1 at 2014-10-16 14:11:45 +0800
Processing by WelcomeController#index as HTML
  Parameters: {"admin"=>"true"}
  Rendered welcome/index.html.erb within layouts/application (0.6ms)
Completed 200 OK in 54ms (Views: 53.4ms | ActiveRecord: 0.0ms)


Started GET "/assets/welcome.css?body=1" for 127.0.0.1 at 2014-10-16 14:11:45 +0800


Started GET "/assets/jquery.js?body=1" for 127.0.0.1 at 2014-10-16 14:11:45 +0800


Started GET "/assets/jquery_ujs.js?body=1" for 127.0.0.1 at 2014-10-16 14:11:45 +0800


Started GET "/assets/application.css?body=1" for 127.0.0.1 at 2014-10-16 14:11:45 +0800


Started GET "/assets/welcome.js?body=1" for 127.0.0.1 at 2014-10-16 14:11:45 +0800


Started GET "/assets/turbolinks.js?body=1" for 127.0.0.1 at 2014-10-16 14:11:45 +0800


Started GET "/assets/application.js?body=1" for 127.0.0.1 at 2014-10-16 14:11:45 +0800


Started GET "/?admin=true" for 127.0.0.1 at 2014-10-16 14:11:57 +0800
Processing by WelcomeController#index as HTML
  Parameters: {"admin"=>"true"}
  Rendered welcome/index.html.erb within layouts/application (0.6ms)
Completed 200 OK in 56ms (Views: 55.0ms | ActiveRecord: 0.0ms)


Started GET "/assets/welcome.css?body=1" for 127.0.0.1 at 2014-10-16 14:11:57 +0800


Started GET "/assets/jquery_ujs.js?body=1" for 127.0.0.1 at 2014-10-16 14:11:58 +0800


Started GET "/assets/turbolinks.js?body=1" for 127.0.0.1 at 2014-10-16 14:11:58 +0800


Started GET "/assets/jquery.js?body=1" for 127.0.0.1 at 2014-10-16 14:11:58 +0800


Started GET "/assets/welcome.js?body=1" for 127.0.0.1 at 2014-10-16 14:11:58 +0800


Started GET "/assets/application.css?body=1" for 127.0.0.1 at 2014-10-16 14:11:58 +0800


Started GET "/assets/application.js?body=1" for 127.0.0.1 at 2014-10-16 14:11:58 +0800


Started GET "/?admin=true" for 127.0.0.1 at 2014-10-16 14:12:53 +0800
Processing by WelcomeController#index as HTML
  Parameters: {"admin"=>"true"}
  Rendered welcome/index.html.erb within layouts/application (0.2ms)
Completed 200 OK in 121ms (Views: 120.0ms | ActiveRecord: 0.0ms)


Started GET "/assets/application.css?body=1" for 127.0.0.1 at 2014-10-16 14:12:53 +0800


Started GET "/assets/jquery.js?body=1" for 127.0.0.1 at 2014-10-16 14:12:53 +0800


Started GET "/assets/welcome.css?body=1" for 127.0.0.1 at 2014-10-16 14:12:53 +0800


Started GET "/assets/turbolinks.js?body=1" for 127.0.0.1 at 2014-10-16 14:12:53 +0800


Started GET "/assets/welcome.js?body=1" for 127.0.0.1 at 2014-10-16 14:12:53 +0800


Started GET "/assets/jquery_ujs.js?body=1" for 127.0.0.1 at 2014-10-16 14:12:53 +0800


Started GET "/assets/application.js?body=1" for 127.0.0.1 at 2014-10-16 14:12:53 +0800


Started GET "/?admin=true" for 127.0.0.1 at 2014-10-16 14:13:10 +0800
Processing by WelcomeController#index as HTML
  Parameters: {"admin"=>"true"}
  Rendered welcome/index.html.erb within layouts/application (0.2ms)
Completed 200 OK in 123ms (Views: 121.9ms | ActiveRecord: 0.0ms)


Started GET "/assets/welcome.css?body=1" for 127.0.0.1 at 2014-10-16 14:13:10 +0800


Started GET "/assets/turbolinks.js?body=1" for 127.0.0.1 at 2014-10-16 14:13:10 +0800


Started GET "/assets/jquery.js?body=1" for 127.0.0.1 at 2014-10-16 14:13:10 +0800


Started GET "/assets/application.css?body=1" for 127.0.0.1 at 2014-10-16 14:13:10 +0800


Started GET "/assets/welcome.js?body=1" for 127.0.0.1 at 2014-10-16 14:13:10 +0800


Started GET "/assets/application.js?body=1" for 127.0.0.1 at 2014-10-16 14:13:10 +0800


Started GET "/assets/jquery_ujs.js?body=1" for 127.0.0.1 at 2014-10-16 14:13:10 +0800


Started GET "/?admin=true" for 127.0.0.1 at 2014-10-16 14:13:43 +0800
Processing by WelcomeController#index as HTML
  Parameters: {"admin"=>"true"}
  Rendered welcome/index.html.erb within layouts/application (0.2ms)
Completed 200 OK in 106ms (Views: 104.8ms | ActiveRecord: 0.0ms)


Started GET "/assets/welcome.css?body=1" for 127.0.0.1 at 2014-10-16 14:13:43 +0800


Started GET "/assets/application.css?body=1" for 127.0.0.1 at 2014-10-16 14:13:43 +0800


Started GET "/assets/jquery_ujs.js?body=1" for 127.0.0.1 at 2014-10-16 14:13:43 +0800


Started GET "/assets/jquery.js?body=1" for 127.0.0.1 at 2014-10-16 14:13:43 +0800


Started GET "/assets/welcome.js?body=1" for 127.0.0.1 at 2014-10-16 14:13:43 +0800


Started GET "/assets/application.js?body=1" for 127.0.0.1 at 2014-10-16 14:13:43 +0800


Started GET "/assets/turbolinks.js?body=1" for 127.0.0.1 at 2014-10-16 14:13:43 +0800


Started GET "/?admin=true" for 127.0.0.1 at 2014-10-16 14:14:25 +0800
Processing by WelcomeController#index as HTML
  Parameters: {"admin"=>"true"}
  Rendered welcome/index.html.erb within layouts/application (0.2ms)
Completed 200 OK in 113ms (Views: 112.3ms | ActiveRecord: 0.0ms)


Started GET "/assets/welcome.css?body=1" for 127.0.0.1 at 2014-10-16 14:14:25 +0800


Started GET "/assets/application.css?body=1" for 127.0.0.1 at 2014-10-16 14:14:25 +0800


Started GET "/assets/welcome.js?body=1" for 127.0.0.1 at 2014-10-16 14:14:25 +0800


Started GET "/assets/jquery_ujs.js?body=1" for 127.0.0.1 at 2014-10-16 14:14:25 +0800


Started GET "/assets/turbolinks.js?body=1" for 127.0.0.1 at 2014-10-16 14:14:25 +0800


Started GET "/assets/application.js?body=1" for 127.0.0.1 at 2014-10-16 14:14:25 +0800


Started GET "/assets/jquery.js?body=1" for 127.0.0.1 at 2014-10-16 14:14:25 +0800


Started GET "/?admin=true" for 127.0.0.1 at 2014-10-16 14:14:44 +0800
Processing by WelcomeController#index as HTML
  Parameters: {"admin"=>"true"}
  Rendered welcome/index.html.erb within layouts/application (0.2ms)
Completed 200 OK in 132ms (Views: 130.7ms | ActiveRecord: 0.0ms)


Started GET "/assets/jquery.js?body=1" for 127.0.0.1 at 2014-10-16 14:14:44 +0800


Started GET "/assets/application.css?body=1" for 127.0.0.1 at 2014-10-16 14:14:44 +0800


Started GET "/assets/turbolinks.js?body=1" for 127.0.0.1 at 2014-10-16 14:14:44 +0800


Started GET "/assets/application.js?body=1" for 127.0.0.1 at 2014-10-16 14:14:44 +0800


Started GET "/assets/welcome.js?body=1" for 127.0.0.1 at 2014-10-16 14:14:44 +0800


Started GET "/assets/jquery_ujs.js?body=1" for 127.0.0.1 at 2014-10-16 14:14:44 +0800


Started GET "/assets/welcome.css?body=1" for 127.0.0.1 at 2014-10-16 14:14:44 +0800


Started GET "/?admin=true" for 127.0.0.1 at 2014-10-16 14:16:02 +0800
Processing by WelcomeController#index as HTML
  Parameters: {"admin"=>"true"}
  Rendered welcome/index.html.erb within layouts/application (1.4ms)
Completed 200 OK in 86ms (Views: 84.1ms | ActiveRecord: 0.0ms)


Started GET "/assets/welcome.css?body=1" for 127.0.0.1 at 2014-10-16 14:16:02 +0800


Started GET "/assets/jquery.js?body=1" for 127.0.0.1 at 2014-10-16 14:16:02 +0800


Started GET "/assets/jquery_ujs.js?body=1" for 127.0.0.1 at 2014-10-16 14:16:02 +0800


Started GET "/assets/application.css?body=1" for 127.0.0.1 at 2014-10-16 14:16:02 +0800


Started GET "/assets/turbolinks.js?body=1" for 127.0.0.1 at 2014-10-16 14:16:02 +0800


Started GET "/assets/application.js?body=1" for 127.0.0.1 at 2014-10-16 14:16:02 +0800


Started GET "/assets/welcome.js?body=1" for 127.0.0.1 at 2014-10-16 14:16:02 +0800


Started GET "/?admin=true" for 127.0.0.1 at 2014-10-16 14:18:42 +0800
Processing by WelcomeController#index as HTML
  Parameters: {"admin"=>"true"}
  Rendered welcome/index.html.erb within layouts/application (0.8ms)
Completed 200 OK in 79ms (Views: 78.1ms | ActiveRecord: 0.0ms)


Started GET "/assets/welcome.css?body=1" for 127.0.0.1 at 2014-10-16 14:18:42 +0800


Started GET "/assets/application.js?body=1" for 127.0.0.1 at 2014-10-16 14:18:42 +0800


Started GET "/assets/jquery_ujs.js?body=1" for 127.0.0.1 at 2014-10-16 14:18:42 +0800


Started GET "/assets/jquery.js?body=1" for 127.0.0.1 at 2014-10-16 14:18:42 +0800


Started GET "/assets/turbolinks.js?body=1" for 127.0.0.1 at 2014-10-16 14:18:42 +0800


Started GET "/assets/application.css?body=1" for 127.0.0.1 at 2014-10-16 14:18:42 +0800


Started GET "/assets/welcome.js?body=1" for 127.0.0.1 at 2014-10-16 14:18:42 +0800


Started GET "/?admin=true" for 127.0.0.1 at 2014-10-16 14:19:43 +0800
Processing by WelcomeController#index as HTML
  Parameters: {"admin"=>"true"}
  Rendered welcome/index.html.erb within layouts/application (0.2ms)
Completed 200 OK in 121ms (Views: 120.1ms | ActiveRecord: 0.0ms)


Started GET "/assets/welcome.css?body=1" for 127.0.0.1 at 2014-10-16 14:19:43 +0800


Started GET "/assets/application.css?body=1" for 127.0.0.1 at 2014-10-16 14:19:43 +0800


Started GET "/assets/jquery.js?body=1" for 127.0.0.1 at 2014-10-16 14:19:43 +0800


Started GET "/assets/jquery_ujs.js?body=1" for 127.0.0.1 at 2014-10-16 14:19:43 +0800


Started GET "/assets/turbolinks.js?body=1" for 127.0.0.1 at 2014-10-16 14:19:43 +0800


Started GET "/assets/welcome.js?body=1" for 127.0.0.1 at 2014-10-16 14:19:43 +0800


Started GET "/assets/application.js?body=1" for 127.0.0.1 at 2014-10-16 14:19:43 +0800


Started GET "/?admin=true" for 127.0.0.1 at 2014-10-16 14:20:54 +0800
Processing by WelcomeController#index as HTML
  Parameters: {"admin"=>"true"}
  Rendered welcome/index.html.erb within layouts/application (0.2ms)
Completed 200 OK in 124ms (Views: 122.6ms | ActiveRecord: 0.0ms)


Started GET "/assets/welcome.css?body=1" for 127.0.0.1 at 2014-10-16 14:20:54 +0800


Started GET "/assets/application.css?body=1" for 127.0.0.1 at 2014-10-16 14:20:54 +0800


Started GET "/assets/jquery.js?body=1" for 127.0.0.1 at 2014-10-16 14:20:54 +0800


Started GET "/assets/jquery_ujs.js?body=1" for 127.0.0.1 at 2014-10-16 14:20:54 +0800


Started GET "/assets/application.js?body=1" for 127.0.0.1 at 2014-10-16 14:20:54 +0800


Started GET "/assets/turbolinks.js?body=1" for 127.0.0.1 at 2014-10-16 14:20:54 +0800


Started GET "/assets/welcome.js?body=1" for 127.0.0.1 at 2014-10-16 14:20:54 +0800


Started GET "/?admin=true" for 127.0.0.1 at 2014-10-16 14:21:52 +0800
Processing by WelcomeController#index as HTML
  Parameters: {"admin"=>"true"}
  Rendered welcome/index.html.erb within layouts/application (0.2ms)
Completed 200 OK in 55ms (Views: 54.2ms | ActiveRecord: 0.0ms)


Started GET "/assets/welcome.css?body=1" for 127.0.0.1 at 2014-10-16 14:21:52 +0800


Started GET "/assets/jquery.js?body=1" for 127.0.0.1 at 2014-10-16 14:21:52 +0800


Started GET "/assets/application.js?body=1" for 127.0.0.1 at 2014-10-16 14:21:52 +0800


Started GET "/assets/jquery_ujs.js?body=1" for 127.0.0.1 at 2014-10-16 14:21:52 +0800


Started GET "/assets/application.css?body=1" for 127.0.0.1 at 2014-10-16 14:21:52 +0800


Started GET "/assets/turbolinks.js?body=1" for 127.0.0.1 at 2014-10-16 14:21:52 +0800


Started GET "/assets/welcome.js?body=1" for 127.0.0.1 at 2014-10-16 14:21:52 +0800


Started GET "/?admin=true" for 127.0.0.1 at 2014-10-16 14:23:44 +0800
Processing by WelcomeController#index as HTML
  Parameters: {"admin"=>"true"}
  Rendered welcome/index.html.erb within layouts/application (0.2ms)
Completed 200 OK in 55ms (Views: 53.9ms | ActiveRecord: 0.0ms)


Started GET "/assets/welcome.css?body=1" for 127.0.0.1 at 2014-10-16 14:23:44 +0800


Started GET "/assets/application.css?body=1" for 127.0.0.1 at 2014-10-16 14:23:44 +0800


Started GET "/assets/jquery.js?body=1" for 127.0.0.1 at 2014-10-16 14:23:44 +0800


Started GET "/assets/jquery_ujs.js?body=1" for 127.0.0.1 at 2014-10-16 14:23:44 +0800


Started GET "/assets/turbolinks.js?body=1" for 127.0.0.1 at 2014-10-16 14:23:44 +0800


Started GET "/assets/welcome.js?body=1" for 127.0.0.1 at 2014-10-16 14:23:44 +0800


Started GET "/assets/application.js?body=1" for 127.0.0.1 at 2014-10-16 14:23:44 +0800


Started GET "/assets/background.jpg" for 127.0.0.1 at 2014-10-16 14:23:45 +0800


Started GET "/assets/Pacifico.ttf" for 127.0.0.1 at 2014-10-16 14:23:45 +0800


Started GET "/?admin=true" for 127.0.0.1 at 2014-10-16 14:24:46 +0800
Processing by WelcomeController#index as HTML
  Parameters: {"admin"=>"true"}
  Rendered welcome/index.html.erb within layouts/application (0.7ms)
Completed 200 OK in 61ms (Views: 59.4ms | ActiveRecord: 0.0ms)


Started GET "/assets/welcome.css?body=1" for 127.0.0.1 at 2014-10-16 14:24:46 +0800


Started GET "/assets/jquery_ujs.js?body=1" for 127.0.0.1 at 2014-10-16 14:24:46 +0800


Started GET "/assets/application.js?body=1" for 127.0.0.1 at 2014-10-16 14:24:46 +0800


Started GET "/assets/application.css?body=1" for 127.0.0.1 at 2014-10-16 14:24:46 +0800


Started GET "/assets/jquery.js?body=1" for 127.0.0.1 at 2014-10-16 14:24:46 +0800


Started GET "/assets/turbolinks.js?body=1" for 127.0.0.1 at 2014-10-16 14:24:46 +0800


Started GET "/assets/welcome.js?body=1" for 127.0.0.1 at 2014-10-16 14:24:46 +0800


Started GET "/assets/background.jpg" for 127.0.0.1 at 2014-10-16 14:24:46 +0800


Started GET "/assets/Pacifico.ttf" for 127.0.0.1 at 2014-10-16 14:24:46 +0800


Started GET "/?admin=true" for 127.0.0.1 at 2014-10-16 14:26:00 +0800
Processing by WelcomeController#index as HTML
  Parameters: {"admin"=>"true"}
  Rendered welcome/index.html.erb within layouts/application (0.7ms)
Completed 200 OK in 59ms (Views: 58.3ms | ActiveRecord: 0.0ms)


Started GET "/assets/welcome.css?body=1" for 127.0.0.1 at 2014-10-16 14:26:00 +0800


Started GET "/assets/application.css?body=1" for 127.0.0.1 at 2014-10-16 14:26:00 +0800


Started GET "/assets/jquery.js?body=1" for 127.0.0.1 at 2014-10-16 14:26:00 +0800


Started GET "/assets/jquery_ujs.js?body=1" for 127.0.0.1 at 2014-10-16 14:26:00 +0800


Started GET "/assets/welcome.js?body=1" for 127.0.0.1 at 2014-10-16 14:26:00 +0800


Started GET "/assets/application.js?body=1" for 127.0.0.1 at 2014-10-16 14:26:00 +0800


Started GET "/assets/turbolinks.js?body=1" for 127.0.0.1 at 2014-10-16 14:26:00 +0800


Started GET "/assets/background.jpg" for 127.0.0.1 at 2014-10-16 14:26:00 +0800


Started GET "/assets/Pacifico.ttf" for 127.0.0.1 at 2014-10-16 14:26:00 +0800


Started GET "/?admin=true" for 127.0.0.1 at 2014-10-16 14:26:48 +0800
Processing by WelcomeController#index as HTML
  Parameters: {"admin"=>"true"}
  Rendered welcome/index.html.erb within layouts/application (0.3ms)
Completed 200 OK in 110ms (Views: 109.6ms | ActiveRecord: 0.0ms)


Started GET "/assets/welcome.css?body=1" for 127.0.0.1 at 2014-10-16 14:26:48 +0800


Started GET "/assets/application.css?body=1" for 127.0.0.1 at 2014-10-16 14:26:48 +0800


Started GET "/assets/jquery_ujs.js?body=1" for 127.0.0.1 at 2014-10-16 14:26:48 +0800


Started GET "/assets/jquery.js?body=1" for 127.0.0.1 at 2014-10-16 14:26:48 +0800


Started GET "/assets/turbolinks.js?body=1" for 127.0.0.1 at 2014-10-16 14:26:48 +0800


Started GET "/assets/welcome.js?body=1" for 127.0.0.1 at 2014-10-16 14:26:48 +0800


Started GET "/assets/application.js?body=1" for 127.0.0.1 at 2014-10-16 14:26:48 +0800


Started GET "/assets/background.jpg" for 127.0.0.1 at 2014-10-16 14:26:48 +0800


Started GET "/assets/Pacifico.ttf" for 127.0.0.1 at 2014-10-16 14:26:48 +0800


Started GET "/?admin=true" for 127.0.0.1 at 2014-10-16 14:27:04 +0800
Processing by WelcomeController#index as HTML
  Parameters: {"admin"=>"true"}
  Rendered welcome/index.html.erb within layouts/application (0.2ms)
Completed 200 OK in 143ms (Views: 142.1ms | ActiveRecord: 0.0ms)


Started GET "/assets/welcome.css?body=1" for 127.0.0.1 at 2014-10-16 14:27:04 +0800


Started GET "/assets/jquery_ujs.js?body=1" for 127.0.0.1 at 2014-10-16 14:27:04 +0800


Started GET "/assets/jquery.js?body=1" for 127.0.0.1 at 2014-10-16 14:27:04 +0800


Started GET "/assets/turbolinks.js?body=1" for 127.0.0.1 at 2014-10-16 14:27:04 +0800


Started GET "/assets/application.css?body=1" for 127.0.0.1 at 2014-10-16 14:27:04 +0800


Started GET "/assets/welcome.js?body=1" for 127.0.0.1 at 2014-10-16 14:27:04 +0800


Started GET "/assets/application.js?body=1" for 127.0.0.1 at 2014-10-16 14:27:04 +0800


Started GET "/assets/background.jpg" for 127.0.0.1 at 2014-10-16 14:27:04 +0800


Started GET "/assets/Pacifico.ttf" for 127.0.0.1 at 2014-10-16 14:27:04 +0800


Started GET "/?admin=true" for 127.0.0.1 at 2014-10-16 14:28:15 +0800
Processing by WelcomeController#index as HTML
  Parameters: {"admin"=>"true"}
  Rendered welcome/index.html.erb within layouts/application (0.6ms)
Completed 200 OK in 119ms (Views: 117.8ms | ActiveRecord: 0.0ms)


Started GET "/assets/welcome.css?body=1" for 127.0.0.1 at 2014-10-16 14:28:15 +0800


Started GET "/assets/application.css?body=1" for 127.0.0.1 at 2014-10-16 14:28:15 +0800


Started GET "/assets/application.js?body=1" for 127.0.0.1 at 2014-10-16 14:28:15 +0800


Started GET "/assets/jquery.js?body=1" for 127.0.0.1 at 2014-10-16 14:28:15 +0800


Started GET "/assets/welcome.js?body=1" for 127.0.0.1 at 2014-10-16 14:28:16 +0800


Started GET "/assets/turbolinks.js?body=1" for 127.0.0.1 at 2014-10-16 14:28:16 +0800


Started GET "/assets/jquery_ujs.js?body=1" for 127.0.0.1 at 2014-10-16 14:28:16 +0800


Started GET "/assets/background.jpg" for 127.0.0.1 at 2014-10-16 14:28:16 +0800


Started GET "/assets/Pacifico.ttf" for 127.0.0.1 at 2014-10-16 14:28:16 +0800


Started GET "/?admin=true" for 127.0.0.1 at 2014-10-16 14:29:07 +0800
Processing by WelcomeController#index as HTML
  Parameters: {"admin"=>"true"}
  Rendered welcome/index.html.erb within layouts/application (0.2ms)
Completed 200 OK in 124ms (Views: 123.2ms | ActiveRecord: 0.0ms)


Started GET "/assets/welcome.css?body=1" for 127.0.0.1 at 2014-10-16 14:29:07 +0800


Started GET "/assets/application.css?body=1" for 127.0.0.1 at 2014-10-16 14:29:07 +0800


Started GET "/assets/turbolinks.js?body=1" for 127.0.0.1 at 2014-10-16 14:29:07 +0800


Started GET "/assets/jquery.js?body=1" for 127.0.0.1 at 2014-10-16 14:29:07 +0800


Started GET "/assets/welcome.js?body=1" for 127.0.0.1 at 2014-10-16 14:29:07 +0800


Started GET "/assets/jquery_ujs.js?body=1" for 127.0.0.1 at 2014-10-16 14:29:07 +0800


Started GET "/assets/application.js?body=1" for 127.0.0.1 at 2014-10-16 14:29:07 +0800


Started GET "/assets/background.jpg" for 127.0.0.1 at 2014-10-16 14:29:07 +0800


Started GET "/assets/Pacifico.ttf" for 127.0.0.1 at 2014-10-16 14:29:07 +0800


Started GET "/?admin=true" for 127.0.0.1 at 2014-10-16 14:30:22 +0800
Processing by WelcomeController#index as HTML
  Parameters: {"admin"=>"true"}
  Rendered welcome/index.html.erb within layouts/application (0.6ms)
Completed 200 OK in 127ms (Views: 125.7ms | ActiveRecord: 0.0ms)


Started GET "/assets/welcome.css?body=1" for 127.0.0.1 at 2014-10-16 14:30:22 +0800


Started GET "/assets/turbolinks.js?body=1" for 127.0.0.1 at 2014-10-16 14:30:22 +0800


Started GET "/assets/jquery.js?body=1" for 127.0.0.1 at 2014-10-16 14:30:22 +0800


Started GET "/assets/jquery_ujs.js?body=1" for 127.0.0.1 at 2014-10-16 14:30:22 +0800


Started GET "/assets/application.js?body=1" for 127.0.0.1 at 2014-10-16 14:30:22 +0800


Started GET "/assets/welcome.js?body=1" for 127.0.0.1 at 2014-10-16 14:30:22 +0800


Started GET "/assets/application.css?body=1" for 127.0.0.1 at 2014-10-16 14:30:22 +0800


Started GET "/assets/background.jpg" for 127.0.0.1 at 2014-10-16 14:30:23 +0800


Started GET "/assets/Pacifico.ttf" for 127.0.0.1 at 2014-10-16 14:30:23 +0800


Started GET "/?admin=true" for 127.0.0.1 at 2014-10-16 14:31:07 +0800
Processing by WelcomeController#index as HTML
  Parameters: {"admin"=>"true"}
  Rendered welcome/index.html.erb within layouts/application (0.5ms)
Completed 200 OK in 61ms (Views: 60.6ms | ActiveRecord: 0.0ms)


Started GET "/assets/welcome.css?body=1" for 127.0.0.1 at 2014-10-16 14:31:07 +0800


Started GET "/assets/application.css?body=1" for 127.0.0.1 at 2014-10-16 14:31:07 +0800


Started GET "/assets/jquery.js?body=1" for 127.0.0.1 at 2014-10-16 14:31:07 +0800


Started GET "/assets/jquery_ujs.js?body=1" for 127.0.0.1 at 2014-10-16 14:31:07 +0800


Started GET "/assets/welcome.js?body=1" for 127.0.0.1 at 2014-10-16 14:31:07 +0800


Started GET "/assets/turbolinks.js?body=1" for 127.0.0.1 at 2014-10-16 14:31:07 +0800


Started GET "/assets/application.js?body=1" for 127.0.0.1 at 2014-10-16 14:31:07 +0800


Started GET "/assets/background.jpg" for 127.0.0.1 at 2014-10-16 14:31:07 +0800


Started GET "/assets/Pacifico.ttf" for 127.0.0.1 at 2014-10-16 14:31:07 +0800


Started GET "/?admin=true" for 127.0.0.1 at 2014-10-16 14:32:14 +0800
Processing by WelcomeController#index as HTML
  Parameters: {"admin"=>"true"}
  Rendered welcome/index.html.erb within layouts/application (0.7ms)
Completed 200 OK in 55ms (Views: 54.5ms | ActiveRecord: 0.0ms)


Started GET "/assets/welcome.css?body=1" for 127.0.0.1 at 2014-10-16 14:32:14 +0800


Started GET "/assets/application.js?body=1" for 127.0.0.1 at 2014-10-16 14:32:14 +0800


Started GET "/assets/application.css?body=1" for 127.0.0.1 at 2014-10-16 14:32:14 +0800


Started GET "/assets/jquery.js?body=1" for 127.0.0.1 at 2014-10-16 14:32:14 +0800


Started GET "/assets/jquery_ujs.js?body=1" for 127.0.0.1 at 2014-10-16 14:32:14 +0800


Started GET "/assets/turbolinks.js?body=1" for 127.0.0.1 at 2014-10-16 14:32:14 +0800


Started GET "/assets/welcome.js?body=1" for 127.0.0.1 at 2014-10-16 14:32:14 +0800


Started GET "/assets/background.jpg" for 127.0.0.1 at 2014-10-16 14:32:14 +0800


Started GET "/assets/Pacifico.ttf" for 127.0.0.1 at 2014-10-16 14:32:14 +0800


Started GET "/?admin=true" for 127.0.0.1 at 2014-10-16 14:32:51 +0800
Processing by WelcomeController#index as HTML
  Parameters: {"admin"=>"true"}
  Rendered welcome/index.html.erb within layouts/application (0.2ms)
Completed 200 OK in 109ms (Views: 107.7ms | ActiveRecord: 0.0ms)


Started GET "/assets/welcome.css?body=1" for 127.0.0.1 at 2014-10-16 14:32:51 +0800


Started GET "/assets/application.css?body=1" for 127.0.0.1 at 2014-10-16 14:32:51 +0800


Started GET "/assets/application.js?body=1" for 127.0.0.1 at 2014-10-16 14:32:51 +0800


Started GET "/assets/jquery.js?body=1" for 127.0.0.1 at 2014-10-16 14:32:51 +0800


Started GET "/assets/jquery_ujs.js?body=1" for 127.0.0.1 at 2014-10-16 14:32:51 +0800


Started GET "/assets/welcome.js?body=1" for 127.0.0.1 at 2014-10-16 14:32:51 +0800


Started GET "/assets/turbolinks.js?body=1" for 127.0.0.1 at 2014-10-16 14:32:51 +0800


Started GET "/assets/background.jpg" for 127.0.0.1 at 2014-10-16 14:32:51 +0800


Started GET "/assets/Pacifico.ttf" for 127.0.0.1 at 2014-10-16 14:32:51 +0800


Started GET "/?admin=true" for 127.0.0.1 at 2014-10-16 14:33:33 +0800
Processing by WelcomeController#index as HTML
  Parameters: {"admin"=>"true"}
  Rendered welcome/index.html.erb within layouts/application (0.2ms)
Completed 200 OK in 116ms (Views: 115.4ms | ActiveRecord: 0.0ms)


Started GET "/assets/welcome.css?body=1" for 127.0.0.1 at 2014-10-16 14:33:34 +0800


Started GET "/assets/jquery.js?body=1" for 127.0.0.1 at 2014-10-16 14:33:34 +0800


Started GET "/assets/turbolinks.js?body=1" for 127.0.0.1 at 2014-10-16 14:33:34 +0800


Started GET "/assets/application.css?body=1" for 127.0.0.1 at 2014-10-16 14:33:34 +0800


Started GET "/assets/application.js?body=1" for 127.0.0.1 at 2014-10-16 14:33:34 +0800


Started GET "/assets/welcome.js?body=1" for 127.0.0.1 at 2014-10-16 14:33:34 +0800


Started GET "/assets/jquery_ujs.js?body=1" for 127.0.0.1 at 2014-10-16 14:33:34 +0800


Started GET "/assets/background.jpg" for 127.0.0.1 at 2014-10-16 14:33:34 +0800


Started GET "/assets/Pacifico.ttf" for 127.0.0.1 at 2014-10-16 14:33:34 +0800


Started GET "/?admin=true" for 127.0.0.1 at 2014-10-16 14:35:20 +0800
Processing by WelcomeController#index as HTML
  Parameters: {"admin"=>"true"}
  Rendered welcome/index.html.erb within layouts/application (0.3ms)
Completed 200 OK in 134ms (Views: 133.5ms | ActiveRecord: 0.0ms)


Started GET "/assets/welcome.css?body=1" for 127.0.0.1 at 2014-10-16 14:35:21 +0800


Started GET "/assets/jquery_ujs.js?body=1" for 127.0.0.1 at 2014-10-16 14:35:21 +0800


Started GET "/assets/application.js?body=1" for 127.0.0.1 at 2014-10-16 14:35:21 +0800


Started GET "/assets/application.css?body=1" for 127.0.0.1 at 2014-10-16 14:35:21 +0800


Started GET "/assets/jquery.js?body=1" for 127.0.0.1 at 2014-10-16 14:35:21 +0800


Started GET "/assets/turbolinks.js?body=1" for 127.0.0.1 at 2014-10-16 14:35:21 +0800


Started GET "/assets/welcome.js?body=1" for 127.0.0.1 at 2014-10-16 14:35:21 +0800


Started GET "/assets/background.jpg" for 127.0.0.1 at 2014-10-16 14:35:21 +0800


Started GET "/assets/Pacifico.ttf" for 127.0.0.1 at 2014-10-16 14:35:21 +0800


Started GET "/?admin=true" for 127.0.0.1 at 2014-10-16 14:35:33 +0800
Processing by WelcomeController#index as HTML
  Parameters: {"admin"=>"true"}
  Rendered welcome/index.html.erb within layouts/application (0.2ms)
Completed 200 OK in 125ms (Views: 124.2ms | ActiveRecord: 0.0ms)


Started GET "/assets/turbolinks.js?body=1" for 127.0.0.1 at 2014-10-16 14:35:33 +0800


Started GET "/assets/jquery_ujs.js?body=1" for 127.0.0.1 at 2014-10-16 14:35:33 +0800


Started GET "/assets/jquery.js?body=1" for 127.0.0.1 at 2014-10-16 14:35:33 +0800


Started GET "/assets/welcome.js?body=1" for 127.0.0.1 at 2014-10-16 14:35:33 +0800


Started GET "/assets/welcome.css?body=1" for 127.0.0.1 at 2014-10-16 14:35:33 +0800


Started GET "/assets/application.css?body=1" for 127.0.0.1 at 2014-10-16 14:35:33 +0800


Started GET "/assets/application.js?body=1" for 127.0.0.1 at 2014-10-16 14:35:33 +0800


Started GET "/assets/background.jpg" for 127.0.0.1 at 2014-10-16 14:35:34 +0800


Started GET "/assets/Pacifico.ttf" for 127.0.0.1 at 2014-10-16 14:35:34 +0800


Started GET "/?admin=true" for 127.0.0.1 at 2014-10-16 14:36:09 +0800
Processing by WelcomeController#index as HTML
  Parameters: {"admin"=>"true"}
  Rendered welcome/index.html.erb within layouts/application (0.7ms)
Completed 200 OK in 62ms (Views: 61.3ms | ActiveRecord: 0.0ms)


Started GET "/assets/welcome.css?body=1" for 127.0.0.1 at 2014-10-16 14:36:09 +0800


Started GET "/assets/jquery_ujs.js?body=1" for 127.0.0.1 at 2014-10-16 14:36:09 +0800


Started GET "/assets/jquery.js?body=1" for 127.0.0.1 at 2014-10-16 14:36:09 +0800


Started GET "/assets/application.css?body=1" for 127.0.0.1 at 2014-10-16 14:36:09 +0800


Started GET "/assets/application.js?body=1" for 127.0.0.1 at 2014-10-16 14:36:09 +0800


Started GET "/assets/turbolinks.js?body=1" for 127.0.0.1 at 2014-10-16 14:36:09 +0800


Started GET "/assets/welcome.js?body=1" for 127.0.0.1 at 2014-10-16 14:36:10 +0800


Started GET "/assets/background.jpg" for 127.0.0.1 at 2014-10-16 14:36:10 +0800


Started GET "/assets/Pacifico.ttf" for 127.0.0.1 at 2014-10-16 14:36:10 +0800


Started GET "/?admin=true" for 127.0.0.1 at 2014-10-16 14:36:44 +0800
Processing by WelcomeController#index as HTML
  Parameters: {"admin"=>"true"}
  Rendered welcome/index.html.erb within layouts/application (0.3ms)
Completed 200 OK in 116ms (Views: 114.3ms | ActiveRecord: 0.0ms)


Started GET "/assets/welcome.css?body=1" for 127.0.0.1 at 2014-10-16 14:36:44 +0800


Started GET "/assets/jquery.js?body=1" for 127.0.0.1 at 2014-10-16 14:36:44 +0800


Started GET "/assets/application.css?body=1" for 127.0.0.1 at 2014-10-16 14:36:44 +0800


Started GET "/assets/application.js?body=1" for 127.0.0.1 at 2014-10-16 14:36:44 +0800


Started GET "/assets/welcome.js?body=1" for 127.0.0.1 at 2014-10-16 14:36:44 +0800


Started GET "/assets/jquery_ujs.js?body=1" for 127.0.0.1 at 2014-10-16 14:36:44 +0800


Started GET "/assets/turbolinks.js?body=1" for 127.0.0.1 at 2014-10-16 14:36:44 +0800


Started GET "/assets/background.jpg" for 127.0.0.1 at 2014-10-16 14:36:44 +0800


Started GET "/assets/Pacifico.ttf" for 127.0.0.1 at 2014-10-16 14:36:44 +0800


Started GET "/" for 127.0.0.1 at 2014-10-16 15:09:15 +0800

ActiveRecord::PendingMigrationError - 

Migrations are pending. To resolve this issue, run:

	bin/rake db:migrate RAILS_ENV=development

:
  activerecord (4.1.6) lib/active_record/migration.rb:389:in `check_pending!'
  activerecord (4.1.6) lib/active_record/migration.rb:377:in `call'
  actionpack (4.1.6) lib/action_dispatch/middleware/callbacks.rb:29:in `block in call'
  activesupport (4.1.6) lib/active_support/callbacks.rb:82:in `run_callbacks'
  actionpack (4.1.6) lib/action_dispatch/middleware/callbacks.rb:27:in `call'
  actionpack (4.1.6) lib/action_dispatch/middleware/reloader.rb:73:in `call'
  actionpack (4.1.6) lib/action_dispatch/middleware/remote_ip.rb:76:in `call'
  better_errors (2.0.0) lib/better_errors/middleware.rb:84:in `protected_app_call'
  better_errors (2.0.0) lib/better_errors/middleware.rb:79:in `better_errors_call'
  better_errors (2.0.0) lib/better_errors/middleware.rb:57:in `call'
  rack-contrib (1.1.0) lib/rack/contrib/response_headers.rb:17:in `call'
  meta_request (0.3.4) lib/meta_request/middlewares/headers.rb:16:in `call'
  actionpack (4.1.6) lib/action_dispatch/middleware/debug_exceptions.rb:17:in `call'
  actionpack (4.1.6) lib/action_dispatch/middleware/show_exceptions.rb:30:in `call'
  railties (4.1.6) lib/rails/rack/logger.rb:38:in `call_app'
  railties (4.1.6) lib/rails/rack/logger.rb:20:in `block in call'
  activesupport (4.1.6) lib/active_support/tagged_logging.rb:68:in `block in tagged'
  activesupport (4.1.6) lib/active_support/tagged_logging.rb:26:in `tagged'
  activesupport (4.1.6) lib/active_support/tagged_logging.rb:68:in `tagged'
  railties (4.1.6) lib/rails/rack/logger.rb:20:in `call'
  actionpack (4.1.6) lib/action_dispatch/middleware/request_id.rb:21:in `call'
  rack (1.5.2) lib/rack/methodoverride.rb:21:in `call'
  rack (1.5.2) lib/rack/runtime.rb:17:in `call'
  activesupport (4.1.6) lib/active_support/cache/strategy/local_cache_middleware.rb:26:in `call'
  rack (1.5.2) lib/rack/lock.rb:17:in `call'
  actionpack (4.1.6) lib/action_dispatch/middleware/static.rb:64:in `call'
  rack (1.5.2) lib/rack/sendfile.rb:112:in `call'
  railties (4.1.6) lib/rails/engine.rb:514:in `call'
  railties (4.1.6) lib/rails/application.rb:144:in `call'
  rack (1.5.2) lib/rack/lock.rb:17:in `call'
  rack (1.5.2) lib/rack/content_length.rb:14:in `call'
  rack (1.5.2) lib/rack/handler/webrick.rb:60:in `service'
  /Users/jasonlaw89/.rvm/rubies/ruby-2.1.2/lib/ruby/2.1.0/webrick/httpserver.rb:138:in `service'
  /Users/jasonlaw89/.rvm/rubies/ruby-2.1.2/lib/ruby/2.1.0/webrick/httpserver.rb:94:in `run'
  /Users/jasonlaw89/.rvm/rubies/ruby-2.1.2/lib/ruby/2.1.0/webrick/server.rb:295:in `block in start_thread'



Started POST "/__better_errors/9e3dcbc7556d7793/variables" for 127.0.0.1 at 2014-10-16 15:09:15 +0800


Started GET "/" for 127.0.0.1 at 2014-10-16 15:45:22 +0800

ActiveRecord::PendingMigrationError - 

Migrations are pending. To resolve this issue, run:

	bin/rake db:migrate RAILS_ENV=development

:
  activerecord (4.1.6) lib/active_record/migration.rb:389:in `check_pending!'
  activerecord (4.1.6) lib/active_record/migration.rb:377:in `call'
  actionpack (4.1.6) lib/action_dispatch/middleware/callbacks.rb:29:in `block in call'
  activesupport (4.1.6) lib/active_support/callbacks.rb:82:in `run_callbacks'
  actionpack (4.1.6) lib/action_dispatch/middleware/callbacks.rb:27:in `call'
  actionpack (4.1.6) lib/action_dispatch/middleware/reloader.rb:73:in `call'
  actionpack (4.1.6) lib/action_dispatch/middleware/remote_ip.rb:76:in `call'
  better_errors (2.0.0) lib/better_errors/middleware.rb:84:in `protected_app_call'
  better_errors (2.0.0) lib/better_errors/middleware.rb:79:in `better_errors_call'
  better_errors (2.0.0) lib/better_errors/middleware.rb:57:in `call'
  rack-contrib (1.1.0) lib/rack/contrib/response_headers.rb:17:in `call'
  meta_request (0.3.4) lib/meta_request/middlewares/headers.rb:16:in `call'
  actionpack (4.1.6) lib/action_dispatch/middleware/debug_exceptions.rb:17:in `call'
  actionpack (4.1.6) lib/action_dispatch/middleware/show_exceptions.rb:30:in `call'
  railties (4.1.6) lib/rails/rack/logger.rb:38:in `call_app'
  railties (4.1.6) lib/rails/rack/logger.rb:20:in `block in call'
  activesupport (4.1.6) lib/active_support/tagged_logging.rb:68:in `block in tagged'
  activesupport (4.1.6) lib/active_support/tagged_logging.rb:26:in `tagged'
  activesupport (4.1.6) lib/active_support/tagged_logging.rb:68:in `tagged'
  railties (4.1.6) lib/rails/rack/logger.rb:20:in `call'
  actionpack (4.1.6) lib/action_dispatch/middleware/request_id.rb:21:in `call'
  rack (1.5.2) lib/rack/methodoverride.rb:21:in `call'
  rack (1.5.2) lib/rack/runtime.rb:17:in `call'
  activesupport (4.1.6) lib/active_support/cache/strategy/local_cache_middleware.rb:26:in `call'
  rack (1.5.2) lib/rack/lock.rb:17:in `call'
  actionpack (4.1.6) lib/action_dispatch/middleware/static.rb:64:in `call'
  rack (1.5.2) lib/rack/sendfile.rb:112:in `call'
  railties (4.1.6) lib/rails/engine.rb:514:in `call'
  railties (4.1.6) lib/rails/application.rb:144:in `call'
  rack (1.5.2) lib/rack/lock.rb:17:in `call'
  rack (1.5.2) lib/rack/content_length.rb:14:in `call'
  rack (1.5.2) lib/rack/handler/webrick.rb:60:in `service'
  /Users/jasonlaw89/.rvm/rubies/ruby-2.1.2/lib/ruby/2.1.0/webrick/httpserver.rb:138:in `service'
  /Users/jasonlaw89/.rvm/rubies/ruby-2.1.2/lib/ruby/2.1.0/webrick/httpserver.rb:94:in `run'
  /Users/jasonlaw89/.rvm/rubies/ruby-2.1.2/lib/ruby/2.1.0/webrick/server.rb:295:in `block in start_thread'



Started POST "/__better_errors/aac002384422e070/variables" for 127.0.0.1 at 2014-10-16 15:45:22 +0800


Started GET "/" for 127.0.0.1 at 2014-10-16 15:47:26 +0800

ActiveRecord::PendingMigrationError - 

Migrations are pending. To resolve this issue, run:

	bin/rake db:migrate RAILS_ENV=development

:
  activerecord (4.1.6) lib/active_record/migration.rb:389:in `check_pending!'
  activerecord (4.1.6) lib/active_record/migration.rb:377:in `call'
  actionpack (4.1.6) lib/action_dispatch/middleware/callbacks.rb:29:in `block in call'
  activesupport (4.1.6) lib/active_support/callbacks.rb:82:in `run_callbacks'
  actionpack (4.1.6) lib/action_dispatch/middleware/callbacks.rb:27:in `call'
  actionpack (4.1.6) lib/action_dispatch/middleware/reloader.rb:73:in `call'
  actionpack (4.1.6) lib/action_dispatch/middleware/remote_ip.rb:76:in `call'
  better_errors (2.0.0) lib/better_errors/middleware.rb:84:in `protected_app_call'
  better_errors (2.0.0) lib/better_errors/middleware.rb:79:in `better_errors_call'
  better_errors (2.0.0) lib/better_errors/middleware.rb:57:in `call'
  rack-contrib (1.1.0) lib/rack/contrib/response_headers.rb:17:in `call'
  meta_request (0.3.4) lib/meta_request/middlewares/headers.rb:16:in `call'
  actionpack (4.1.6) lib/action_dispatch/middleware/debug_exceptions.rb:17:in `call'
  actionpack (4.1.6) lib/action_dispatch/middleware/show_exceptions.rb:30:in `call'
  railties (4.1.6) lib/rails/rack/logger.rb:38:in `call_app'
  railties (4.1.6) lib/rails/rack/logger.rb:20:in `block in call'
  activesupport (4.1.6) lib/active_support/tagged_logging.rb:68:in `block in tagged'
  activesupport (4.1.6) lib/active_support/tagged_logging.rb:26:in `tagged'
  activesupport (4.1.6) lib/active_support/tagged_logging.rb:68:in `tagged'
  railties (4.1.6) lib/rails/rack/logger.rb:20:in `call'
  actionpack (4.1.6) lib/action_dispatch/middleware/request_id.rb:21:in `call'
  rack (1.5.2) lib/rack/methodoverride.rb:21:in `call'
  rack (1.5.2) lib/rack/runtime.rb:17:in `call'
  activesupport (4.1.6) lib/active_support/cache/strategy/local_cache_middleware.rb:26:in `call'
  rack (1.5.2) lib/rack/lock.rb:17:in `call'
  actionpack (4.1.6) lib/action_dispatch/middleware/static.rb:64:in `call'
  rack (1.5.2) lib/rack/sendfile.rb:112:in `call'
  railties (4.1.6) lib/rails/engine.rb:514:in `call'
  railties (4.1.6) lib/rails/application.rb:144:in `call'
  rack (1.5.2) lib/rack/lock.rb:17:in `call'
  rack (1.5.2) lib/rack/content_length.rb:14:in `call'
  rack (1.5.2) lib/rack/handler/webrick.rb:60:in `service'
  /Users/jasonlaw89/.rvm/rubies/ruby-2.1.2/lib/ruby/2.1.0/webrick/httpserver.rb:138:in `service'
  /Users/jasonlaw89/.rvm/rubies/ruby-2.1.2/lib/ruby/2.1.0/webrick/httpserver.rb:94:in `run'
  /Users/jasonlaw89/.rvm/rubies/ruby-2.1.2/lib/ruby/2.1.0/webrick/server.rb:295:in `block in start_thread'



Started POST "/__better_errors/fc2c638ed1c503ed/variables" for 127.0.0.1 at 2014-10-16 15:47:26 +0800
  [1m[36m (1.8ms)[0m  [1mCREATE TABLE "schema_migrations" ("version" varchar(255) NOT NULL) [0m
  [1m[35m (0.4ms)[0m  select sqlite_version(*)
  [1m[36m (1.6ms)[0m  [1mCREATE UNIQUE INDEX "unique_schema_migrations" ON "schema_migrations" ("version")[0m
  [1m[35mActiveRecord::SchemaMigration Load (0.1ms)[0m  SELECT "schema_migrations".* FROM "schema_migrations"
Migrating to CreateFoods (20141016074459)
  [1m[36m (0.1ms)[0m  [1mbegin transaction[0m
  [1m[35m (0.5ms)[0m  CREATE TABLE "foods" ("id" INTEGER PRIMARY KEY AUTOINCREMENT NOT NULL, "item" varchar(255), "name" varchar(255), "price" float, "photo_path" varchar(255), "string" varchar(255), "cuisine" varchar(255), "restaurant_name" varchar(255), "harrys_choice" boolean, "created_at" datetime, "updated_at" datetime) 
  [1m[36mSQL (0.2ms)[0m  [1mINSERT INTO "schema_migrations" ("version") VALUES (?)[0m  [["version", "20141016074459"]]
  [1m[35m (1.9ms)[0m  commit transaction
  [1m[36mActiveRecord::SchemaMigration Load (0.1ms)[0m  [1mSELECT "schema_migrations".* FROM "schema_migrations"[0m


Started GET "/" for 127.0.0.1 at 2014-10-16 15:49:14 +0800
  [1m[36mActiveRecord::SchemaMigration Load (0.2ms)[0m  [1mSELECT "schema_migrations".* FROM "schema_migrations"[0m
Processing by WelcomeController#index as HTML
  Rendered welcome/under_construction.html.erb within layouts/application (2.3ms)
Completed 200 OK in 523ms (Views: 509.5ms | ActiveRecord: 0.0ms)


Started GET "/assets/welcome.css?body=1" for 127.0.0.1 at 2014-10-16 15:49:15 +0800


Started GET "/assets/jquery_ujs.js?body=1" for 127.0.0.1 at 2014-10-16 15:49:15 +0800


Started GET "/assets/jquery.js?body=1" for 127.0.0.1 at 2014-10-16 15:49:15 +0800


Started GET "/assets/turbolinks.js?body=1" for 127.0.0.1 at 2014-10-16 15:49:15 +0800


Started GET "/assets/application.css?body=1" for 127.0.0.1 at 2014-10-16 15:49:15 +0800


Started GET "/assets/application.js?body=1" for 127.0.0.1 at 2014-10-16 15:49:15 +0800


Started GET "/assets/welcome.js?body=1" for 127.0.0.1 at 2014-10-16 15:49:15 +0800


Started GET "/assets/background.jpg" for 127.0.0.1 at 2014-10-16 15:49:15 +0800


Started GET "/assets/Pacifico.ttf" for 127.0.0.1 at 2014-10-16 15:49:15 +0800


Started GET "/?admin=true" for 127.0.0.1 at 2014-10-16 15:49:28 +0800
Processing by WelcomeController#index as HTML
  Parameters: {"admin"=>"true"}
  Rendered welcome/index.html.erb within layouts/application (0.7ms)
Completed 200 OK in 52ms (Views: 50.7ms | ActiveRecord: 0.0ms)


Started GET "/?admin=true" for 127.0.0.1 at 2014-10-16 15:50:44 +0800
Processing by WelcomeController#index as HTML
  Parameters: {"admin"=>"true"}
  Rendered welcome/index.html.erb within layouts/application (0.2ms)
Completed 200 OK in 124ms (Views: 122.8ms | ActiveRecord: 0.0ms)


Started GET "/assets/application.css?body=1" for 127.0.0.1 at 2014-10-16 15:50:44 +0800


Started GET "/assets/welcome.css?body=1" for 127.0.0.1 at 2014-10-16 15:50:44 +0800


Started GET "/assets/jquery_ujs.js?body=1" for 127.0.0.1 at 2014-10-16 15:50:44 +0800


Started GET "/assets/jquery.js?body=1" for 127.0.0.1 at 2014-10-16 15:50:44 +0800


Started GET "/assets/turbolinks.js?body=1" for 127.0.0.1 at 2014-10-16 15:50:44 +0800


Started GET "/assets/welcome.js?body=1" for 127.0.0.1 at 2014-10-16 15:50:45 +0800


Started GET "/assets/application.js?body=1" for 127.0.0.1 at 2014-10-16 15:50:45 +0800


Started GET "/?admin=true" for 127.0.0.1 at 2014-10-16 15:51:03 +0800
Processing by WelcomeController#index as HTML
  Parameters: {"admin"=>"true"}
  Rendered welcome/index.html.erb within layouts/application (0.2ms)
Completed 200 OK in 102ms (Views: 101.0ms | ActiveRecord: 0.0ms)


Started GET "/assets/welcome.css?body=1" for 127.0.0.1 at 2014-10-16 15:51:03 +0800


Started GET "/assets/turbolinks.js?body=1" for 127.0.0.1 at 2014-10-16 15:51:03 +0800


Started GET "/assets/application.css?body=1" for 127.0.0.1 at 2014-10-16 15:51:03 +0800


Started GET "/assets/jquery.js?body=1" for 127.0.0.1 at 2014-10-16 15:51:03 +0800


Started GET "/assets/welcome.js?body=1" for 127.0.0.1 at 2014-10-16 15:51:03 +0800


Started GET "/assets/application.js?body=1" for 127.0.0.1 at 2014-10-16 15:51:03 +0800


Started GET "/assets/jquery_ujs.js?body=1" for 127.0.0.1 at 2014-10-16 15:51:03 +0800


Started GET "/?admin=true" for 127.0.0.1 at 2014-10-16 15:51:16 +0800
Processing by WelcomeController#index as HTML
  Parameters: {"admin"=>"true"}
  Rendered welcome/index.html.erb within layouts/application (0.2ms)
Completed 200 OK in 97ms (Views: 95.9ms | ActiveRecord: 0.0ms)


Started GET "/assets/welcome.css?body=1" for 127.0.0.1 at 2014-10-16 15:51:16 +0800


Started GET "/assets/welcome.js?body=1" for 127.0.0.1 at 2014-10-16 15:51:16 +0800


Started GET "/assets/jquery_ujs.js?body=1" for 127.0.0.1 at 2014-10-16 15:51:16 +0800


Started GET "/assets/application.css?body=1" for 127.0.0.1 at 2014-10-16 15:51:16 +0800


Started GET "/assets/jquery.js?body=1" for 127.0.0.1 at 2014-10-16 15:51:16 +0800


Started GET "/assets/application.js?body=1" for 127.0.0.1 at 2014-10-16 15:51:16 +0800


Started GET "/assets/turbolinks.js?body=1" for 127.0.0.1 at 2014-10-16 15:51:16 +0800


Started GET "/?admin=true" for 127.0.0.1 at 2014-10-16 15:51:50 +0800
Processing by WelcomeController#index as HTML
  Parameters: {"admin"=>"true"}
  Rendered welcome/index.html.erb within layouts/application (0.2ms)
Completed 200 OK in 156ms (Views: 155.5ms | ActiveRecord: 0.0ms)


Started GET "/assets/welcome.css?body=1" for 127.0.0.1 at 2014-10-16 15:51:51 +0800


Started GET "/assets/application.css?body=1" for 127.0.0.1 at 2014-10-16 15:51:51 +0800


Started GET "/assets/turbolinks.js?body=1" for 127.0.0.1 at 2014-10-16 15:51:51 +0800


Started GET "/assets/welcome.js?body=1" for 127.0.0.1 at 2014-10-16 15:51:51 +0800


Started GET "/assets/jquery.js?body=1" for 127.0.0.1 at 2014-10-16 15:51:51 +0800


Started GET "/assets/jquery_ujs.js?body=1" for 127.0.0.1 at 2014-10-16 15:51:51 +0800


Started GET "/assets/application.js?body=1" for 127.0.0.1 at 2014-10-16 15:51:51 +0800


Started GET "/?admin=true" for 127.0.0.1 at 2014-10-16 15:52:07 +0800
Processing by WelcomeController#index as HTML
  Parameters: {"admin"=>"true"}
  Rendered welcome/index.html.erb within layouts/application (0.2ms)
Completed 200 OK in 116ms (Views: 115.1ms | ActiveRecord: 0.0ms)


Started GET "/assets/welcome.css?body=1" for 127.0.0.1 at 2014-10-16 15:52:08 +0800


Started GET "/assets/turbolinks.js?body=1" for 127.0.0.1 at 2014-10-16 15:52:08 +0800


Started GET "/assets/jquery_ujs.js?body=1" for 127.0.0.1 at 2014-10-16 15:52:08 +0800


Started GET "/assets/jquery.js?body=1" for 127.0.0.1 at 2014-10-16 15:52:08 +0800


Started GET "/assets/welcome.js?body=1" for 127.0.0.1 at 2014-10-16 15:52:08 +0800


Started GET "/assets/application.css?body=1" for 127.0.0.1 at 2014-10-16 15:52:08 +0800


Started GET "/assets/application.js?body=1" for 127.0.0.1 at 2014-10-16 15:52:08 +0800


Started GET "/?admin=true" for 127.0.0.1 at 2014-10-16 15:52:31 +0800
Processing by WelcomeController#index as HTML
  Parameters: {"admin"=>"true"}
  Rendered welcome/index.html.erb within layouts/application (0.3ms)
Completed 200 OK in 109ms (Views: 108.0ms | ActiveRecord: 0.0ms)


Started GET "/assets/application.css?body=1" for 127.0.0.1 at 2014-10-16 15:52:31 +0800


Started GET "/assets/welcome.css?body=1" for 127.0.0.1 at 2014-10-16 15:52:31 +0800


Started GET "/assets/turbolinks.js?body=1" for 127.0.0.1 at 2014-10-16 15:52:31 +0800


Started GET "/assets/jquery_ujs.js?body=1" for 127.0.0.1 at 2014-10-16 15:52:31 +0800


Started GET "/assets/welcome.js?body=1" for 127.0.0.1 at 2014-10-16 15:52:31 +0800


Started GET "/assets/jquery.js?body=1" for 127.0.0.1 at 2014-10-16 15:52:31 +0800


Started GET "/assets/application.js?body=1" for 127.0.0.1 at 2014-10-16 15:52:31 +0800


Started GET "/?admin=true" for 127.0.0.1 at 2014-10-16 15:52:49 +0800
Processing by WelcomeController#index as HTML
  Parameters: {"admin"=>"true"}
  Rendered welcome/index.html.erb within layouts/application (0.2ms)
Completed 200 OK in 99ms (Views: 98.1ms | ActiveRecord: 0.0ms)


Started GET "/assets/application.css?body=1" for 127.0.0.1 at 2014-10-16 15:52:49 +0800


Started GET "/assets/welcome.css?body=1" for 127.0.0.1 at 2014-10-16 15:52:49 +0800


Started GET "/assets/turbolinks.js?body=1" for 127.0.0.1 at 2014-10-16 15:52:49 +0800


Started GET "/assets/welcome.js?body=1" for 127.0.0.1 at 2014-10-16 15:52:49 +0800


Started GET "/assets/jquery.js?body=1" for 127.0.0.1 at 2014-10-16 15:52:49 +0800


Started GET "/assets/jquery_ujs.js?body=1" for 127.0.0.1 at 2014-10-16 15:52:49 +0800


Started GET "/assets/application.js?body=1" for 127.0.0.1 at 2014-10-16 15:52:49 +0800


Started GET "/?admin=true" for 127.0.0.1 at 2014-10-16 15:53:07 +0800
Processing by WelcomeController#index as HTML
  Parameters: {"admin"=>"true"}
  Rendered welcome/index.html.erb within layouts/application (0.2ms)
Completed 200 OK in 136ms (Views: 135.3ms | ActiveRecord: 0.0ms)


Started GET "/assets/application.css?body=1" for 127.0.0.1 at 2014-10-16 15:53:08 +0800


Started GET "/assets/welcome.js?body=1" for 127.0.0.1 at 2014-10-16 15:53:08 +0800


Started GET "/assets/welcome.css?body=1" for 127.0.0.1 at 2014-10-16 15:53:08 +0800


Started GET "/assets/jquery.js?body=1" for 127.0.0.1 at 2014-10-16 15:53:08 +0800


Started GET "/assets/jquery_ujs.js?body=1" for 127.0.0.1 at 2014-10-16 15:53:08 +0800


Started GET "/assets/turbolinks.js?body=1" for 127.0.0.1 at 2014-10-16 15:53:08 +0800


Started GET "/assets/application.js?body=1" for 127.0.0.1 at 2014-10-16 15:53:08 +0800


Started GET "/?admin=true" for 127.0.0.1 at 2014-10-16 15:53:18 +0800
Processing by WelcomeController#index as HTML
  Parameters: {"admin"=>"true"}
  Rendered welcome/index.html.erb within layouts/application (0.3ms)
Completed 200 OK in 116ms (Views: 114.8ms | ActiveRecord: 0.0ms)


Started GET "/assets/welcome.js?body=1" for 127.0.0.1 at 2014-10-16 15:53:18 +0800


Started GET "/assets/jquery.js?body=1" for 127.0.0.1 at 2014-10-16 15:53:18 +0800


Started GET "/assets/turbolinks.js?body=1" for 127.0.0.1 at 2014-10-16 15:53:18 +0800


Started GET "/assets/application.css?body=1" for 127.0.0.1 at 2014-10-16 15:53:19 +0800


Started GET "/assets/application.js?body=1" for 127.0.0.1 at 2014-10-16 15:53:19 +0800


Started GET "/assets/welcome.css?body=1" for 127.0.0.1 at 2014-10-16 15:53:19 +0800


Started GET "/assets/jquery_ujs.js?body=1" for 127.0.0.1 at 2014-10-16 15:53:19 +0800


Started GET "/?admin=true" for 127.0.0.1 at 2014-10-16 15:53:25 +0800
Processing by WelcomeController#index as HTML
  Parameters: {"admin"=>"true"}
  Rendered welcome/index.html.erb within layouts/application (0.3ms)
Completed 200 OK in 125ms (Views: 124.4ms | ActiveRecord: 0.0ms)


Started GET "/assets/welcome.css?body=1" for 127.0.0.1 at 2014-10-16 15:53:25 +0800


Started GET "/assets/jquery_ujs.js?body=1" for 127.0.0.1 at 2014-10-16 15:53:25 +0800


Started GET "/assets/application.css?body=1" for 127.0.0.1 at 2014-10-16 15:53:25 +0800


Started GET "/assets/jquery.js?body=1" for 127.0.0.1 at 2014-10-16 15:53:25 +0800


Started GET "/assets/welcome.js?body=1" for 127.0.0.1 at 2014-10-16 15:53:25 +0800


Started GET "/assets/turbolinks.js?body=1" for 127.0.0.1 at 2014-10-16 15:53:25 +0800


Started GET "/assets/application.js?body=1" for 127.0.0.1 at 2014-10-16 15:53:25 +0800


Started GET "/?admin=true" for 127.0.0.1 at 2014-10-16 15:54:05 +0800
Processing by WelcomeController#index as HTML
  Parameters: {"admin"=>"true"}
  Rendered welcome/index.html.erb within layouts/application (0.2ms)
Completed 200 OK in 99ms (Views: 97.6ms | ActiveRecord: 0.0ms)


Started GET "/assets/welcome.css?body=1" for 127.0.0.1 at 2014-10-16 15:54:06 +0800


Started GET "/assets/application.css?body=1" for 127.0.0.1 at 2014-10-16 15:54:06 +0800


Started GET "/assets/welcome.js?body=1" for 127.0.0.1 at 2014-10-16 15:54:06 +0800


Started GET "/assets/jquery.js?body=1" for 127.0.0.1 at 2014-10-16 15:54:06 +0800


Started GET "/assets/turbolinks.js?body=1" for 127.0.0.1 at 2014-10-16 15:54:06 +0800


Started GET "/assets/application.js?body=1" for 127.0.0.1 at 2014-10-16 15:54:06 +0800


Started GET "/assets/jquery_ujs.js?body=1" for 127.0.0.1 at 2014-10-16 15:54:06 +0800


Started GET "/assets/background.jpg" for 127.0.0.1 at 2014-10-16 15:54:06 +0800


Started GET "/assets/Pacifico.ttf" for 127.0.0.1 at 2014-10-16 15:54:06 +0800


Started GET "/?admin=true" for 127.0.0.1 at 2014-10-16 15:54:26 +0800
Processing by WelcomeController#index as HTML
  Parameters: {"admin"=>"true"}
  Rendered welcome/index.html.erb within layouts/application (0.2ms)
Completed 200 OK in 112ms (Views: 111.5ms | ActiveRecord: 0.0ms)


Started GET "/assets/welcome.css?body=1" for 127.0.0.1 at 2014-10-16 15:54:27 +0800


Started GET "/assets/jquery.js?body=1" for 127.0.0.1 at 2014-10-16 15:54:27 +0800


Started GET "/assets/application.css?body=1" for 127.0.0.1 at 2014-10-16 15:54:27 +0800


Started GET "/assets/welcome.js?body=1" for 127.0.0.1 at 2014-10-16 15:54:27 +0800


Started GET "/assets/turbolinks.js?body=1" for 127.0.0.1 at 2014-10-16 15:54:27 +0800


Started GET "/assets/jquery_ujs.js?body=1" for 127.0.0.1 at 2014-10-16 15:54:27 +0800


Started GET "/assets/application.js?body=1" for 127.0.0.1 at 2014-10-16 15:54:27 +0800


Started GET "/assets/background.jpg" for 127.0.0.1 at 2014-10-16 15:54:27 +0800


Started GET "/assets/Pacifico.ttf" for 127.0.0.1 at 2014-10-16 15:54:27 +0800


Started GET "/?admin=true" for 127.0.0.1 at 2014-10-16 15:55:30 +0800
Processing by WelcomeController#index as HTML
  Parameters: {"admin"=>"true"}
  Rendered welcome/index.html.erb within layouts/application (0.5ms)
Completed 200 OK in 116ms (Views: 115.3ms | ActiveRecord: 0.0ms)


Started GET "/assets/welcome.css?body=1" for 127.0.0.1 at 2014-10-16 15:55:30 +0800


Started GET "/assets/application.css?body=1" for 127.0.0.1 at 2014-10-16 15:55:30 +0800


Started GET "/assets/application.js?body=1" for 127.0.0.1 at 2014-10-16 15:55:30 +0800


Started GET "/assets/jquery_ujs.js?body=1" for 127.0.0.1 at 2014-10-16 15:55:30 +0800


Started GET "/assets/jquery.js?body=1" for 127.0.0.1 at 2014-10-16 15:55:30 +0800


Started GET "/assets/welcome.js?body=1" for 127.0.0.1 at 2014-10-16 15:55:30 +0800


Started GET "/assets/turbolinks.js?body=1" for 127.0.0.1 at 2014-10-16 15:55:30 +0800


Started GET "/assets/background.jpg" for 127.0.0.1 at 2014-10-16 15:55:30 +0800


Started GET "/assets/Pacifico.ttf" for 127.0.0.1 at 2014-10-16 15:55:30 +0800


Started GET "/?admin=true" for 127.0.0.1 at 2014-10-16 15:57:12 +0800
Processing by WelcomeController#index as HTML
  Parameters: {"admin"=>"true"}
  Rendered welcome/index.html.erb within layouts/application (0.3ms)
Completed 200 OK in 104ms (Views: 102.9ms | ActiveRecord: 0.0ms)


Started GET "/assets/welcome.css?body=1" for 127.0.0.1 at 2014-10-16 15:57:12 +0800


Started GET "/assets/application.css?body=1" for 127.0.0.1 at 2014-10-16 15:57:12 +0800


Started GET "/assets/jquery.js?body=1" for 127.0.0.1 at 2014-10-16 15:57:12 +0800


Started GET "/assets/jquery_ujs.js?body=1" for 127.0.0.1 at 2014-10-16 15:57:12 +0800


Started GET "/assets/turbolinks.js?body=1" for 127.0.0.1 at 2014-10-16 15:57:12 +0800


Started GET "/assets/welcome.js?body=1" for 127.0.0.1 at 2014-10-16 15:57:12 +0800


Started GET "/assets/application.js?body=1" for 127.0.0.1 at 2014-10-16 15:57:12 +0800


Started GET "/assets/Pacifico.ttf" for 127.0.0.1 at 2014-10-16 15:57:12 +0800


Started GET "/assets/background.jpg" for 127.0.0.1 at 2014-10-16 15:57:12 +0800


Started GET "/?admin=true" for 127.0.0.1 at 2014-10-16 15:58:13 +0800
Processing by WelcomeController#index as HTML
  Parameters: {"admin"=>"true"}
  Rendered welcome/index.html.erb within layouts/application (0.2ms)
Completed 200 OK in 129ms (Views: 128.3ms | ActiveRecord: 0.0ms)


Started GET "/assets/welcome.css?body=1" for 127.0.0.1 at 2014-10-16 15:58:13 +0800


Started GET "/assets/application.css?body=1" for 127.0.0.1 at 2014-10-16 15:58:13 +0800


Started GET "/assets/jquery.js?body=1" for 127.0.0.1 at 2014-10-16 15:58:13 +0800


Started GET "/assets/turbolinks.js?body=1" for 127.0.0.1 at 2014-10-16 15:58:13 +0800


Started GET "/assets/jquery_ujs.js?body=1" for 127.0.0.1 at 2014-10-16 15:58:13 +0800


Started GET "/assets/application.js?body=1" for 127.0.0.1 at 2014-10-16 15:58:13 +0800


Started GET "/assets/welcome.js?body=1" for 127.0.0.1 at 2014-10-16 15:58:13 +0800


Started GET "/assets/background.jpg" for 127.0.0.1 at 2014-10-16 15:58:15 +0800


Started GET "/assets/Pacifico.ttf" for 127.0.0.1 at 2014-10-16 15:58:15 +0800


Started GET "/?admin=true" for 127.0.0.1 at 2014-10-16 15:58:36 +0800
Processing by WelcomeController#index as HTML
  Parameters: {"admin"=>"true"}
  Rendered welcome/index.html.erb within layouts/application (0.6ms)
Completed 200 OK in 63ms (Views: 62.1ms | ActiveRecord: 0.0ms)


Started GET "/assets/welcome.css?body=1" for 127.0.0.1 at 2014-10-16 15:58:36 +0800


Started GET "/assets/jquery_ujs.js?body=1" for 127.0.0.1 at 2014-10-16 15:58:36 +0800


Started GET "/assets/application.css?body=1" for 127.0.0.1 at 2014-10-16 15:58:36 +0800


Started GET "/assets/welcome.js?body=1" for 127.0.0.1 at 2014-10-16 15:58:36 +0800


Started GET "/assets/turbolinks.js?body=1" for 127.0.0.1 at 2014-10-16 15:58:36 +0800


Started GET "/assets/application.js?body=1" for 127.0.0.1 at 2014-10-16 15:58:36 +0800


Started GET "/assets/jquery.js?body=1" for 127.0.0.1 at 2014-10-16 15:58:36 +0800


Started GET "/assets/background.jpg" for 127.0.0.1 at 2014-10-16 15:58:37 +0800


Started GET "/assets/Pacifico.ttf" for 127.0.0.1 at 2014-10-16 15:58:37 +0800
  [1m[36m (1.7ms)[0m  [1mCREATE TABLE "schema_migrations" ("version" varchar(255) NOT NULL) [0m
  [1m[35m (0.1ms)[0m  select sqlite_version(*)
  [1m[36m (1.8ms)[0m  [1mCREATE UNIQUE INDEX "unique_schema_migrations" ON "schema_migrations" ("version")[0m
  [1m[35mActiveRecord::SchemaMigration Load (0.2ms)[0m  SELECT "schema_migrations".* FROM "schema_migrations"
Migrating to CreateFoods (20141016074459)
  [1m[36m (0.1ms)[0m  [1mbegin transaction[0m
  [1m[35m (0.5ms)[0m  CREATE TABLE "foods" ("id" INTEGER PRIMARY KEY AUTOINCREMENT NOT NULL, "item" varchar(255), "name" varchar(255), "price" float, "photo_path" varchar(255), "string" varchar(255), "cuisine" varchar(255), "restaurant_name" varchar(255), "harrys_choice" boolean, "created_at" datetime, "updated_at" datetime) 
  [1m[36mSQL (0.3ms)[0m  [1mINSERT INTO "schema_migrations" ("version") VALUES (?)[0m  [["version", "20141016074459"]]
  [1m[35m (1.8ms)[0m  commit transaction
Migrating to CreateFoodItems (20141016080236)
  [1m[36m (0.1ms)[0m  [1mbegin transaction[0m
  [1m[35m (0.4ms)[0m  CREATE TABLE "food_items" ("id" INTEGER PRIMARY KEY AUTOINCREMENT NOT NULL, "name" varchar(255), "price" float, "photo_path" varchar(255), "cuisine" varchar(255), "restaurant_name" varchar(255), "harrys_choice" boolean, "created_at" datetime, "updated_at" datetime) 
  [1m[36mSQL (0.1ms)[0m  [1mINSERT INTO "schema_migrations" ("version") VALUES (?)[0m  [["version", "20141016080236"]]
  [1m[35m (1.9ms)[0m  commit transaction
  [1m[36mActiveRecord::SchemaMigration Load (0.1ms)[0m  [1mSELECT "schema_migrations".* FROM "schema_migrations"[0m
  [1m[36m (1.7ms)[0m  [1mCREATE TABLE "schema_migrations" ("version" varchar(255) NOT NULL) [0m
  [1m[35m (0.1ms)[0m  select sqlite_version(*)
  [1m[36m (2.1ms)[0m  [1mCREATE UNIQUE INDEX "unique_schema_migrations" ON "schema_migrations" ("version")[0m
  [1m[35mActiveRecord::SchemaMigration Load (0.2ms)[0m  SELECT "schema_migrations".* FROM "schema_migrations"
Migrating to CreateFoods (20141016074459)
  [1m[36m (0.1ms)[0m  [1mbegin transaction[0m
  [1m[35m (0.5ms)[0m  CREATE TABLE "foods" ("id" INTEGER PRIMARY KEY AUTOINCREMENT NOT NULL, "item" varchar(255), "name" varchar(255), "price" float, "photo_path" varchar(255), "string" varchar(255), "cuisine" varchar(255), "restaurant_name" varchar(255), "harrys_choice" boolean, "created_at" datetime, "updated_at" datetime) 
  [1m[36mSQL (0.2ms)[0m  [1mINSERT INTO "schema_migrations" ("version") VALUES (?)[0m  [["version", "20141016074459"]]
  [1m[35m (1.6ms)[0m  commit transaction
Migrating to CreateFoodItems (20141016080452)
  [1m[36m (0.1ms)[0m  [1mbegin transaction[0m
  [1m[35m (0.5ms)[0m  CREATE TABLE "food_items" ("id" INTEGER PRIMARY KEY AUTOINCREMENT NOT NULL, "name" varchar(255), "price" float, "photo_path" varchar(255), "cuisine" varchar(255), "restaurant_name" varchar(255), "harrys_choice" boolean, "created_at" datetime, "updated_at" datetime) 
  [1m[36mSQL (0.2ms)[0m  [1mINSERT INTO "schema_migrations" ("version") VALUES (?)[0m  [["version", "20141016080452"]]
  [1m[35m (2.3ms)[0m  commit transaction
  [1m[36mActiveRecord::SchemaMigration Load (0.2ms)[0m  [1mSELECT "schema_migrations".* FROM "schema_migrations"[0m


Started GET "/?admin=true" for 127.0.0.1 at 2014-10-16 16:09:23 +0800
  [1m[35mActiveRecord::SchemaMigration Load (0.2ms)[0m  SELECT "schema_migrations".* FROM "schema_migrations"
Processing by WelcomeController#index as HTML
  Parameters: {"admin"=>"true"}
  Rendered welcome/index.html.erb within layouts/application (0.4ms)
Completed 200 OK in 60ms (Views: 58.8ms | ActiveRecord: 0.0ms)


Started GET "/assets/welcome.css?body=1" for 127.0.0.1 at 2014-10-16 16:09:23 +0800


Started GET "/assets/application.css?body=1" for 127.0.0.1 at 2014-10-16 16:09:23 +0800


Started GET "/assets/welcome.js?body=1" for 127.0.0.1 at 2014-10-16 16:09:23 +0800


Started GET "/assets/jquery_ujs.js?body=1" for 127.0.0.1 at 2014-10-16 16:09:23 +0800


Started GET "/assets/application.js?body=1" for 127.0.0.1 at 2014-10-16 16:09:23 +0800


Started GET "/assets/jquery.js?body=1" for 127.0.0.1 at 2014-10-16 16:09:23 +0800


Started GET "/assets/turbolinks.js?body=1" for 127.0.0.1 at 2014-10-16 16:09:23 +0800


Started GET "/assets/background.jpg" for 127.0.0.1 at 2014-10-16 16:09:24 +0800


Started GET "/assets/Pacifico.ttf" for 127.0.0.1 at 2014-10-16 16:09:24 +0800
